"../../../../Unreal Projects/Adrenaline_Alley/Content/UI/Credits/1x/CreditsBG.uasset" 0
"../../../Engine/Content/Functions/Engine_MaterialFunctions01/Opacity/CameraDepthFade.uasset" 1
"../../../Engine/Content/EngineMaterials/T_Default_Material_Grid_M.uasset" 2
"../../../Engine/Content/EngineMaterials/T_Default_Material_Grid_N.uasset" 3
"../../../Engine/Content/EngineMaterials/WorldGridMaterial.uasset" 4
"../../../Engine/Content/ArtTools/RenderToTexture/Meshes/S_1_Unit_Plane.uasset" 5
"../../../Engine/Content/EngineMaterials/DefaultMaterial.uasset" 6
"../../../Engine/Content/BasicShapes/Cone.uasset" 7
"../../../Engine/Content/BasicShapes/Cube.uasset" 8
"../../../Engine/Content/BasicShapes/Cylinder.uasset" 9
"../../../Engine/Content/BasicShapes/Plane.uasset" 10
"../../../Engine/Content/BasicShapes/Sphere.uasset" 11
"../../../Engine/Content/EngineMaterials/DefaultPhysicalMaterial.uasset" 12
"../../../Engine/Content/BufferVisualization/AmbientOcclusion.uasset" 13
"../../../Engine/Content/BufferVisualization/BaseColor.uasset" 14
"../../../Engine/Content/BufferVisualization/CustomDepth.uasset" 15
"../../../Engine/Content/Functions/Engine_MaterialFunctions02/Utility/VectorLength.uasset" 16
"../../../Engine/Content/BufferVisualization/CustomDepthWorldUnits.uasset" 17
"../../../Engine/Content/Functions/Engine_MaterialFunctions02/Utility/BreakOutFloat2Components.uasset" 18
"../../../Engine/Content/Functions/Engine_MaterialFunctions01/Texturing/ScaleUVsByCenter.uasset" 19
"../../../Engine/Content/Functions/Engine_MaterialFunctions02/ScreenResolution.uasset" 20
"../../../Engine/Content/Functions/Engine_MaterialFunctions02/Texturing/ScreenAlignedUVs.uasset" 21
"../../../Engine/Content/Functions/Engine_MaterialFunctions02/Utility/MakeFloat2.uasset" 22
"../../../Engine/Content/Functions/Engine_MaterialFunctions02/Utility/MakeFloat3.uasset" 23
"../../../Engine/Content/EngineMaterials/MiniFont.uasset" 24
"../../../Engine/Content/BufferVisualization/CustomStencil.uasset" 25
"../../../Engine/Content/BufferVisualization/FinalImage.uasset" 26
"../../../Engine/Content/BufferVisualization/LightingModel.uasset" 27
"../../../Engine/Content/BufferVisualization/MaterialAO.uasset" 28
"../../../Engine/Content/BufferVisualization/Metallic.uasset" 29
"../../../Engine/Content/BufferVisualization/Opacity.uasset" 30
"../../../Engine/Content/BufferVisualization/PostTonemapHDRColor.uasset" 31
"../../../Engine/Content/BufferVisualization/PreTonemapHDRColor.uasset" 32
"../../../Engine/Content/BufferVisualization/Roughness.uasset" 33
"../../../Engine/Content/BufferVisualization/SceneColor.uasset" 34
"../../../Engine/Content/BufferVisualization/SceneDepth.uasset" 35
"../../../Engine/Content/BufferVisualization/SceneDepthWorldUnits.uasset" 36
"../../../Engine/Content/BufferVisualization/SeparateTranslucencyA.uasset" 37
"../../../Engine/Content/BufferVisualization/SeparateTranslucencyRGB.uasset" 38
"../../../Engine/Content/BufferVisualization/Specular.uasset" 39
"../../../Engine/Content/BufferVisualization/SubsurfaceColor.uasset" 40
"../../../Engine/Content/BufferVisualization/Velocity.uasset" 41
"../../../Engine/Content/BufferVisualization/WorldNormal.uasset" 42
"../../../Engine/Content/EditorLandscapeResources/DataLayer.uasset" 43
"../../../Engine/Content/EditorLandscapeResources/DefaultAlphaTexture.uasset" 44
"../../../Engine/Content/EditorLandscapeResources/LandscapeGizmoHeight_Mat.uasset" 45
"../../../Engine/Content/EditorLandscapeResources/LandscapeGizmo_Mat.uasset" 46
"../../../Engine/Content/EditorLandscapeResources/LandscapeGizmo_Mat_Copied.uasset" 47
"../../../Engine/Content/EditorLandscapeResources/SplineEditorMeshMat.uasset" 48
"../../../Engine/Content/EditorLandscapeResources/SplineEditorMesh.uasset" 49
"../../../Engine/Content/EditorMaterials/Cross.uasset" 50
"../../../Engine/Content/EditorMaterials/Cross_Mat.uasset" 51
"../../../Engine/Content/EngineMaterials/DefaultDiffuse.uasset" 52
"../../../Engine/Content/Functions/Engine_MaterialFunctions01/Texturing/TextureCropping.uasset" 53
"../../../Engine/Content/Functions/Engine_MaterialFunctions01/Texturing/ComputeMipLevel.uasset" 54
"../../../Engine/Content/Functions/Engine_MaterialFunctions02/ExampleContent/DebugNumberStrip.uasset" 55
"../../../Engine/Content/Functions/Engine_MaterialFunctions02/ExampleContent/Textures/DebugNumberPeriod.uasset" 56
"../../../Engine/Content/Functions/Engine_MaterialFunctions02/Utility/DebugScalarValues.uasset" 57
"../../../Engine/Content/Functions/Engine_MaterialFunctions02/Utility/DebugFloat2Values.uasset" 58
"../../../Engine/Content/Functions/Engine_MaterialFunctions02/ExampleContent/Textures/flipbook.uasset" 59
"../../../Engine/Content/Functions/Engine_MaterialFunctions02/Texturing/FlipBook.uasset" 60
"../../../Engine/Content/Functions/Engine_MaterialFunctions02/Utility/Sign.uasset" 61
"../../../Engine/Content/Functions/Engine_MaterialFunctions02/Utility/Round.uasset" 62
"../../../Engine/Content/EditorResources/T_EditorHelp.uasset" 63
"../../../Engine/Content/EditorMaterials/HelpActorMaterial.uasset" 64
"../../../Engine/Content/EditorMaterials/CompositeARGBLayer.uasset" 65
"../../../Engine/Content/EditorMaterials/TilingAALineIntegral.uasset" 66
"../../../Engine/Content/EditorMaterials/TilingAALineBoxFiltered.uasset" 67
"../../../Engine/Content/Functions/Engine_MaterialFunctions03/Procedurals/ComputeFilterWidth.uasset" 68
"../../../Engine/Content/EditorMaterials/TilingAADots.uasset" 69
"../../../Engine/Content/EngineMaterials/BlendFunc_DefBase.uasset" 70
"../../../Engine/Content/EngineMaterials/BlendFunc_DefBlend.uasset" 71
"../../../Engine/Content/Functions/Engine_MaterialFunctions03/Blends/Blend_Screen.uasset" 72
"../../../Engine/Content/EditorMaterials/TilingAAGrid.uasset" 73
"../../../Engine/Content/EditorMaterials/LevelGridMaterial.uasset" 74
"../../../Engine/Content/EditorMaterials/MakeCompositeARGBLayer.uasset" 75
"../../../Engine/Content/EditorResources/LevelGrid1DStripes.uasset" 76
"../../../Engine/Content/EditorMaterials/TextureGridCascaded1D.uasset" 77
"../../../Engine/Content/EditorMaterials/TextureGridCascaded2D.uasset" 78
"../../../Engine/Content/EditorMaterials/LevelGridMaterial2.uasset" 79
"../../../Engine/Content/EditorMaterials/MAT_Groups_Toggle.uasset" 80
"../../../Engine/Content/EditorMaterials/MAT_Groups_Visibility.uasset" 81
"../../../Engine/Content/EditorMaterials/PhAT_BoneSelectedMaterial.uasset" 82
"../../../Engine/Content/EditorMaterials/PhAT_ElemSelectedMaterial.uasset" 83
"../../../Engine/Content/EditorMaterials/PhAT_NoCollisionMaterial.uasset" 84
"../../../Engine/Content/EditorMaterials/PhAT_UnselectedMaterial.uasset" 85
"../../../Engine/Content/EditorMaterials/PreviewShadowIndicator.uasset" 86
"../../../Engine/Content/EditorMaterials/PreviewShadowIndicatorMaterial.uasset" 87
"../../../Engine/Content/EditorMaterials/TargetIcon.uasset" 88
"../../../Engine/Content/EditorMaterials/Tick.uasset" 89
"../../../Engine/Content/EditorMaterials/Tick_Mat.uasset" 90
"../../../Engine/Content/EditorMaterials/WidgetGridVertexColorMaterial.uasset" 91
"../../../Engine/Content/EditorMaterials/WidgetGridVertexColorMaterial_Ma.uasset" 92
"../../../Engine/Content/EditorMaterials/WidgetMaterial.uasset" 93
"../../../Engine/Content/EditorMaterials/WidgetMaterial_Current.uasset" 94
"../../../Engine/Content/EditorMaterials/WidgetMaterial_X.uasset" 95
"../../../Engine/Content/EditorMaterials/WidgetMaterial_Y.uasset" 96
"../../../Engine/Content/EditorMaterials/WidgetMaterial_Z.uasset" 97
"../../../Engine/Content/EditorMaterials/WidgetVertexColorMaterial.uasset" 98
"../../../Engine/Content/EditorMaterials/MatineeGroups/MAT_ColorTrack.uasset" 99
"../../../Engine/Content/EditorMaterials/MatineeGroups/MAT_Groups_Anim.uasset" 100
"../../../Engine/Content/EditorMaterials/MatineeGroups/MAT_Groups_AudioMaster.uasset" 101
"../../../Engine/Content/EditorMaterials/MatineeGroups/MAT_Groups_Director.uasset" 102
"../../../Engine/Content/EditorMaterials/MatineeGroups/MAT_Groups_Event.uasset" 103
"../../../Engine/Content/EditorMaterials/MatineeGroups/MAT_Groups_Fade.uasset" 104
"../../../Engine/Content/EditorMaterials/MatineeGroups/MAT_Groups_Float.uasset" 105
"../../../Engine/Content/EditorMaterials/MatineeGroups/MAT_Groups_Move.uasset" 106
"../../../Engine/Content/EditorMaterials/MatineeGroups/MAT_Groups_Slomo.uasset" 107
"../../../Engine/Content/EditorMaterials/MatineeGroups/MAT_Groups_Sound.uasset" 108
"../../../Engine/Content/EditorMaterials/MatineeGroups/MAT_Groups_Vector.uasset" 109
"../../../Engine/Content/EditorMaterials/ParticleSystems/PSysThumbnail_NoImage.uasset" 110
"../../../Engine/Content/EditorMaterials/ParticleSystems/PSysThumbnail_OOD.uasset" 111
"../../../Engine/Content/EngineMaterials/Grid.uasset" 112
"../../../Engine/Content/EditorMaterials/Thumbnails/FloorPlaneMaterial.uasset" 113
"../../../Engine/Content/EditorMeshes/EditorCube.uasset" 114
"../../../Engine/Content/EditorMeshes/EditorCylinder.uasset" 115
"../../../Engine/Content/EditorMeshes/EditorPlane.uasset" 116
"../../../Engine/Content/EditorMaterials/Thumbnails/SkySphereMaterial.uasset" 117
"../../../Engine/Content/EditorMeshes/EditorSkySphere.uasset" 118
"../../../Engine/Content/EditorMeshes/EditorSphere.uasset" 119
"../../../Engine/Content/EditorResources/MatineeCam_D.uasset" 120
"../../../Engine/Content/EditorMaterials/MatineeCam_mat.uasset" 121
"../../../Engine/Content/EditorMeshes/MatineeCam_SM.uasset" 122
"../../../Engine/Content/EditorMeshes/PlanarReflectionPlane.uasset" 123
"../../../Engine/Content/EditorMaterials/Camera/CineMat.uasset" 124
"../../../Engine/Content/EditorMaterials/Camera/MI_CineMat_CameraBody.uasset" 125
"../../../Engine/Content/EngineDebugMaterials/M_SimpleOpaque.uasset" 126
"../../../Engine/Content/EditorMaterials/Camera/MI_CineMat_CamViewFinder.uasset" 127
"../../../Engine/Content/EditorMeshes/Camera/SM_CineCam.uasset" 128
"../../../Engine/Content/EditorMaterials/Camera/MI_CineMat_Rig.uasset" 129
"../../../Engine/Content/EditorMeshes/Camera/SM_CraneRig_Arm.uasset" 130
"../../../Engine/Content/EditorMeshes/Camera/SM_CraneRig_Base.uasset" 131
"../../../Engine/Content/EditorMeshes/Camera/SM_CraneRig_Body.uasset" 132
"../../../Engine/Content/EditorMeshes/Camera/SM_CraneRig_Mount.uasset" 133
"../../../Engine/Content/EditorMeshes/Camera/SM_RailRig_Mount.uasset" 134
"../../../Engine/Content/EditorMeshes/Camera/SM_RailRig_Track.uasset" 135
"../../../Engine/Content/EditorMeshes/ColorCalibrator/M_ChromeBall.uasset" 136
"../../../Engine/Content/EditorResources/Bad.uasset" 137
"../../../Engine/Content/EditorResources/BSPVertex.uasset" 138
"../../../Engine/Content/EditorResources/EmptyActor.uasset" 139
"../../../Engine/Content/EditorResources/MatInstActSprite.uasset" 140
"../../../Engine/Content/EditorResources/SceneManager.uasset" 141
"../../../Engine/Content/EditorResources/SmallFont.uasset" 142
"../../../Engine/Content/EditorResources/S_Actor.uasset" 143
"../../../Engine/Content/EditorResources/S_CameraShakeSource.uasset" 144
"../../../Engine/Content/EditorResources/S_DecalActorIcon.uasset" 145
"../../../Engine/Content/EditorResources/S_Emitter.uasset" 146
"../../../Engine/Content/EditorResources/S_ExpoHeightFog.uasset" 147
"../../../Engine/Content/EditorResources/S_FTest.uasset" 148
"../../../Engine/Content/EditorResources/S_KBSJoint.uasset" 149
"../../../Engine/Content/EditorResources/S_KHinge.uasset" 150
"../../../Engine/Content/EditorResources/S_KPrismatic.uasset" 151
"../../../Engine/Content/EditorResources/S_LevelSequence.uasset" 152
"../../../Engine/Content/EditorResources/S_NavP.uasset" 153
"../../../Engine/Content/EditorResources/S_Note.uasset" 154
"../../../Engine/Content/EditorResources/S_Player.uasset" 155
"../../../Engine/Content/EditorResources/S_PortalActorIcon2.uasset" 156
"../../../Engine/Content/EditorResources/S_RadForce.uasset" 157
"../../../Engine/Content/EditorResources/S_ReflActorIcon.uasset" 158
"../../../Engine/Content/EditorResources/S_SkyAtmosphere.uasset" 159
"../../../Engine/Content/EditorResources/S_Solver.uasset" 160
"../../../Engine/Content/EditorResources/S_Terrain.uasset" 161
"../../../Engine/Content/EditorResources/S_TextRenderActorIcon.uasset" 162
"../../../Engine/Content/EditorResources/S_Thruster.uasset" 163
"../../../Engine/Content/EditorResources/S_Trigger.uasset" 164
"../../../Engine/Content/EditorResources/S_VectorFieldVol.uasset" 165
"../../../Engine/Content/EditorResources/S_WindDirectional.uasset" 166
"../../../Engine/Content/EditorResources/AI/S_NavLink.uasset" 167
"../../../Engine/Content/EditorResources/LightIcons/SkyLight.uasset" 168
"../../../Engine/Content/EditorResources/LightIcons/S_LightDirectional.uasset" 169
"../../../Engine/Content/EditorResources/LightIcons/S_LightDirectionalMove.uasset" 170
"../../../Engine/Content/EditorResources/LightIcons/S_LightError.uasset" 171
"../../../Engine/Content/EditorResources/LightIcons/S_LightPoint.uasset" 172
"../../../Engine/Content/EditorResources/LightIcons/S_LightPointMove.uasset" 173
"../../../Engine/Content/EditorResources/LightIcons/S_LightSpot.uasset" 174
"../../../Engine/Content/EditorResources/LightIcons/S_LightSpotMove.uasset" 175
"../../../Engine/Content/EditorResources/SequenceRecorder/Countdown.uasset" 176
"../../../Engine/Content/EditorResources/SequenceRecorder/RecordingIndicator.uasset" 177
"../../../Engine/Content/EditorResources/Spline/T_Loft_Spline.uasset" 178
"../../../Engine/Content/EditorSounds/Notifications/CompileFailed.uasset" 179
"../../../Engine/Content/EditorSounds/Notifications/CompileFailed_Cue.uasset" 180
"../../../Engine/Content/EditorSounds/Notifications/CompileSuccess.uasset" 181
"../../../Engine/Content/EditorSounds/Notifications/CompileStart_Cue.uasset" 182
"../../../Engine/Content/EditorSounds/Notifications/CompileSuccess_Cue.uasset" 183
"../../../Engine/Content/EngineDamageTypes/DmgTypeBP_Environmental.uasset" 184
"../../../Engine/Content/EngineDebugMaterials/HeatmapGradient.uasset" 185
"../../../Engine/Content/EngineDebugMaterials/BoneWeightMaterial.uasset" 186
"../../../Engine/Content/EngineDebugMaterials/ClothMaterial.uasset" 187
"../../../Engine/Content/EngineDebugMaterials/ClothMaterial_WF.uasset" 188
"../../../Engine/Content/EngineDebugMaterials/DebugEditorMaterial.uasset" 189
"../../../Engine/Content/EngineDebugMaterials/DebugMeshMaterial.uasset" 190
"../../../Engine/Content/EngineDebugMaterials/GeomMaterial.uasset" 191
"../../../Engine/Content/Functions/Engine_MaterialFunctions01/Shading/ConvertFromDiffSpec.uasset" 192
"../../../Engine/Content/EngineDebugMaterials/LevelColorationLitMaterial.uasset" 193
"../../../Engine/Content/EngineDebugMaterials/LevelColorationUnlitMaterial.uasset" 194
"../../../Engine/Content/EngineMaterials/DefaultWhiteGrid.uasset" 195
"../../../Engine/Content/EngineDebugMaterials/MAT_LevelColorationLitLightmapUV.uasset" 196
"../../../Engine/Content/EngineDebugMaterials/M_SimpleUnlitTranslucent.uasset" 197
"../../../Engine/Content/Functions/Engine_MaterialFunctions02/Utility/CameraDirectionVector.uasset" 198
"../../../Engine/Content/EngineDebugMaterials/VolumeToRender.uasset" 199
"../../../Engine/Content/EngineDebugMaterials/M_VolumeRenderSphereTracePP.uasset" 200
"../../../Engine/Content/EngineMaterials/DefaultWhiteGrid_Low.uasset" 201
"../../../Engine/Content/EngineDebugMaterials/PhysicalMaterialMaskMaterial.uasset" 202
"../../../Engine/Content/EngineDebugMaterials/ShadedLevelColorationLitMaterial.uasset" 203
"../../../Engine/Content/EngineDebugMaterials/ShadedLevelColorationUnlitMateri.uasset" 204
"../../../Engine/Content/EngineDebugMaterials/VertexColorMaterial.uasset" 205
"../../../Engine/Content/EngineDebugMaterials/VertexColorViewMode_AlphaAsColor.uasset" 206
"../../../Engine/Content/EngineDebugMaterials/VertexColorViewMode_BlueOnly.uasset" 207
"../../../Engine/Content/EngineDebugMaterials/VertexColorViewMode_ColorOnly.uasset" 208
"../../../Engine/Content/EngineDebugMaterials/VertexColorViewMode_GreenOnly.uasset" 209
"../../../Engine/Content/EngineDebugMaterials/VertexColorViewMode_RedOnly.uasset" 210
"../../../Engine/Content/EngineDebugMaterials/WireframeMaterial.uasset" 211
"../../../Engine/Content/EngineFonts/Faces/DroidSansFallback.uasset" 212
"../../../Engine/Content/EngineFonts/Faces/RobotoBold.uasset" 213
"../../../Engine/Content/EngineFonts/Faces/RobotoBoldItalic.uasset" 214
"../../../Engine/Content/EngineFonts/Faces/RobotoItalic.uasset" 215
"../../../Engine/Content/EngineFonts/Faces/RobotoLight.uasset" 216
"../../../Engine/Content/EngineFonts/Faces/RobotoRegular.uasset" 217
"../../../Engine/Content/EngineFonts/Roboto.uasset" 218
"../../../Engine/Content/EngineFonts/Faces/RobotoTiny.uasset" 219
"../../../Engine/Content/EngineFonts/RobotoTiny.uasset" 220
"../../../Engine/Content/EngineFonts/SmallFont.uasset" 221
"../../../Engine/Content/EngineFonts/TinyFont.uasset" 222
"../../../Engine/Content/EngineMaterials/BaseFlattenDiffuseMap.uasset" 223
"../../../Engine/Content/EngineMaterials/BaseFlattenEmissiveMap.uasset" 224
"../../../Engine/Content/EngineMaterials/BaseFlattenGrayscaleMap.uasset" 225
"../../../Engine/Content/EngineMaterials/BaseFlattenNormalMap.uasset" 226
"../../../Engine/Content/EngineMaterials/BaseFlattenMaterial.uasset" 227
"../../../Engine/Content/EngineResources/WhiteSquareTexture.uasset" 228
"../../../Engine/Content/EngineMaterials/BlinkingCaret.uasset" 229
"../../../Engine/Content/EngineMaterials/BlueNoise.uasset" 230
"../../../Engine/Content/EngineMaterials/DefaultBloomKernel.uasset" 231
"../../../Engine/Content/EngineMaterials/DefaultBokeh.uasset" 232
"../../../Engine/Content/EngineMaterials/DefaultDeferredDecalMaterial.uasset" 233
"../../../Engine/Content/EngineMaterials/DefaultLightFunctionMaterial.uasset" 234
"../../../Engine/Content/EngineMaterials/DefaultNormal.uasset" 235
"../../../Engine/Content/EngineMaterials/DefaultPostProcessMaterial.uasset" 236
"../../../Engine/Content/EngineFonts/RobotoDistanceField.uasset" 237
"../../../Engine/Content/EngineMaterials/DefaultTextMaterialOpaque.uasset" 238
"../../../Engine/Content/EngineMaterials/EditorBrushMaterial.uasset" 239
"../../../Engine/Content/EngineMaterials/EmissiveMeshMaterial.uasset" 240
"../../../Engine/Content/EngineMaterials/GizmoMaterial.uasset" 241
"../../../Engine/Content/EngineMaterials/Good64x64TilingNoiseHighFreq.uasset" 242
"../../../Engine/Content/EngineMaterials/Grid_N.uasset" 243
"../../../Engine/Content/EngineMaterials/HighResolutionScreenshotMaskFunction.uasset" 244
"../../../Engine/Content/EngineMaterials/HighResScreenshot.uasset" 245
"../../../Engine/Content/EngineMaterials/HighResScreenshotCaptureRegion.uasset" 246
"../../../Engine/Content/EngineMaterials/HighResScreenshotMask.uasset" 247
"../../../Engine/Content/EngineMaterials/LandscapeHolePhysicalMaterial.uasset" 248
"../../../Engine/Content/EngineMaterials/InvalidLightmapSettings.uasset" 249
"../../../Engine/Content/EngineMaterials/M_InvalidLightmapSettings.uasset" 250
"../../../Engine/Content/EngineMaterials/PaperDiffuse.uasset" 251
"../../../Engine/Content/EngineMaterials/PaperNormal.uasset" 252
"../../../Engine/Content/Functions/Engine_MaterialFunctions02/WorldPositionOffset/CameraOffset.uasset" 253
"../../../Engine/Content/EngineMaterials/PhAT_JointLimitMaterial.uasset" 254
"../../../Engine/Content/EngineMaterials/PhysMat_Rubber.uasset" 255
"../../../Engine/Content/EngineMaterials/PreintegratedSkinBRDF.uasset" 256
"../../../Engine/Content/EngineMaterials/RemoveSurfaceMaterial.uasset" 257
"../../../Engine/Content/EngineMaterials/WeightMapPlaceholderTexture.uasset" 258
"../../../Engine/Content/Functions/Engine_MaterialFunctions01/ImageAdjustment/sRGBToLinear.uasset" 259
"../../../Engine/Content/Functions/Engine_MaterialFunctions02/Utility/BreakOutFloat3Components.uasset" 260
"../../../Engine/Content/EngineMaterials/Widget3DCameraPassThrough_Opaque_OneSided.uasset" 261
"../../../Engine/Content/EngineMaterials/Widget3DPassThrough.uasset" 262
"../../../Engine/Content/EngineMaterials/Widget3DPassThrough_Masked.uasset" 263
"../../../Engine/Content/EngineMaterials/Widget3DPassThrough_Opaque.uasset" 264
"../../../Engine/Content/EngineMaterials/Widget3DPassThrough_Masked_OneSided.uasset" 265
"../../../Engine/Content/EngineMaterials/Widget3DPassThrough_Opaque_OneSided.uasset" 266
"../../../Engine/Content/EngineMaterials/Widget3DPassThrough_Translucent.uasset" 267
"../../../Engine/Content/EngineMaterials/Widget3DPassThrough_Translucent_OneSided.uasset" 268
"../../../Engine/Content/EngineMeshes/Cylinder.uasset" 269
"../../../Engine/Content/EngineMeshes/Sphere.uasset" 270
"../../../Engine/Content/EngineResources/Black.uasset" 271
"../../../Engine/Content/EngineResources/DefaultTexture.uasset" 272
"../../../Engine/Content/EngineResources/DefaultTextureCube.uasset" 273
"../../../Engine/Content/EngineResources/DefaultVolumeTexture2D.uasset" 274
"../../../Engine/Content/EngineResources/DefaultVolumeTexture.uasset" 275
"../../../Engine/Content/EngineResources/GradientTexture0.uasset" 276
"../../../Engine/Content/EngineResources/StreamingPauseIcon.uasset" 277
"../../../Engine/Content/EngineResources/M_StreamingPause.uasset" 278
"../../../Engine/Content/EngineSounds/Master.uasset" 279
"../../../Engine/Content/Functions/Engine_MaterialFunctions01/Shading/PowerToRoughness.uasset" 280
"../../../Engine/Content/Maps/Templates/Thumbnails/Default.uasset" 281
"../../../Engine/Content/Maps/Templates/Thumbnails/TimeOfDay.uasset" 282
"../../../Engine/Content/Maps/Templates/Thumbnails/VR-Basic.uasset" 283
"../../../Engine/Content/MapTemplates/Sky/DaylightAmbientCubemap.uasset" 284
"../../../Engine/Content/MobileResources/T_MobileControls_texture.uasset" 285
"../../../Engine/Content/MobileResources/T_MobileMenu2.uasset" 286
"../../../Engine/Content/MobileResources/HUD/AnalogHat.uasset" 287
"../../../Engine/Content/MobileResources/HUD/VirtualJoystick_Background.uasset" 288
"../../../Engine/Content/MobileResources/HUD/VirtualJoystick_Thumb.uasset" 289
"../../../Engine/Content/MobileResources/HUD/DefaultVirtualJoysticks.uasset" 290
"../../../Engine/Content/MobileResources/HUD/LeftVirtualJoystickOnly.uasset" 291
"../../../Engine/Content/MobileResources/HUD/MobileHUDButton1_off.uasset" 292
"../../../Engine/Content/MobileResources/HUD/MobileHUDButton1_on.uasset" 293
"../../../Engine/Content/MobileResources/HUD/MobileHUDButton2_off.uasset" 294
"../../../Engine/Content/MobileResources/HUD/MobileHUDButton2_on.uasset" 295
"../../../Engine/Content/MobileResources/HUD/MobileHUDButton3.uasset" 296
"../../../Engine/Content/MobileResources/HUD/MobileHUDButtonFire.uasset" 297
"../../../Engine/Content/MobileResources/HUD/MobileHUDDirectionPad.uasset" 298
"../../../Engine/Content/MobileResources/HUD/MobileHUDDirectionPad2.uasset" 299
"../../../Engine/Content/MobileResources/HUD/MobileHUDDirectionPad3.uasset" 300
"../../../Engine/Content/MobileResources/HUD/MobileHUDDirectionStick.uasset" 301
"../../../Engine/Content/MobileResources/HUD/T_Castle_ThumbstickInner.uasset" 302
"../../../Engine/Content/MobileResources/HUD/T_Castle_ThumbstickOutter.uasset" 303
"../../../Engine/Content/Tutorial/ContentIntroCurve.uasset" 304
"../../../Engine/Content/Tutorial/Basics/LevelEditorAttract.uasset" 305
"../../../Engine/Content/Tutorial/Basics/TutorialAssets/icon_tab_Levels_40x.uasset" 306
"../../../Engine/Content/Tutorial/Basics/LevelEditorOverview.uasset" 307
"../../../Engine/Content/Tutorial/Landscape/TutorialAssets/Landscape.uasset" 308
"../../../Engine/Content/Tutorial/Landscape/LandscapeWalkThrough.uasset" 309
"../../../Engine/Content/Tutorial/Landscape/Landscape_Manage_Mode.uasset" 310
"../../../Engine/Content/EditorBlueprintResources/StandardMacros.uasset" 311
"../../../Engine/Content/Tutorial/Landscape/Landscape_Painting_Mode.uasset" 312
"../../../Engine/Content/Tutorial/Landscape/Landscape_Sculpt_Mode.uasset" 313
"../../../Engine/Content/VREditor/LaserPointer/VR_LaserPower_01.uasset" 314
"../../../Engine/Content/VREditor/TransformGizmo/TransformGizmoMaterial.uasset" 315
"../../../Engine/Content/VREditor/TransformGizmo/TranslucentTransformGizmoMaterial.uasset" 316
"../../../Engine/Content/VREditor/TransformGizmo/BoundingBoxCorner.uasset" 317
"../../../Engine/Content/VREditor/TransformGizmo/BoundingBoxEdge.uasset" 318
"../../../Engine/Content/VREditor/TransformGizmo/PlaneTranslationHandle.uasset" 319
"../../../Engine/Content/VREditor/TransformGizmo/Main.uasset" 320
"../../../Engine/Content/VREditor/TransformGizmo/Xray.uasset" 321
"../../../Engine/Content/VREditor/TransformGizmo/SM_Sequencer_Key.uasset" 322
"../../../Engine/Content/VREditor/TransformGizmo/SM_Sequencer_Node.uasset" 323
"../../../../Unreal Projects/Adrenaline_Alley/Content/CelShader/Textures/T_Lut_05.uasset" 324
"../../../../Unreal Projects/Adrenaline_Alley/Content/Materials/PP_CelShader.uasset" 325
"../../../../Unreal Projects/Adrenaline_Alley/Content/Mannequin/Character/Mesh/UE4_Mannequin_Skeleton.uasset" 326
"../../../../Unreal Projects/Adrenaline_Alley/Content/Mannequin/Animations/ThirdPerson_Jump.uasset" 327
"../../../../Unreal Projects/Adrenaline_Alley/Content/Mannequin/Animations/ThirdPersonJump_Loop.uasset" 328
"../../../../Unreal Projects/Adrenaline_Alley/Content/Mannequin/Animations/ThirdPersonJump_Start.uasset" 329
"../../../Engine/Content/Animation/DefaultAnimBoneCompressionSettings.uasset" 330
"../../../../Unreal Projects/Adrenaline_Alley/Content/Mannequin/Animations/ThirdPersonIdle.uasset" 331
"../../../../Unreal Projects/Adrenaline_Alley/Content/Mannequin/Animations/ThirdPersonRun.uasset" 332
"../../../../Unreal Projects/Adrenaline_Alley/Content/Mannequin/Animations/ThirdPersonWalk.uasset" 333
"../../../../Unreal Projects/Adrenaline_Alley/Content/Mannequin/Animations/ThirdPerson_IdleRun_2D.uasset" 334
"../../../../Unreal Projects/Adrenaline_Alley/Content/Mannequin/Animations/ThirdPerson_AnimBP.uasset" 335
"../../../../Unreal Projects/Adrenaline_Alley/Content/Materials/Obstacles/M_Obstacle01.uasset" 336
"../../../../Unreal Projects/Adrenaline_Alley/Content/Materials/M_Base.uasset" 337
"../../../../Unreal Projects/Adrenaline_Alley/Content/Meshes/SM_Cube01.uasset" 338
"../../../../Unreal Projects/Adrenaline_Alley/Content/SFX/SFX_Impact.uasset" 339
"../../../../Unreal Projects/Adrenaline_Alley/Content/Blueprints/Obstacles/BP_Obstacle01.uasset" 340
"../../../../Unreal Projects/Adrenaline_Alley/Content/Blueprints/Libraries/BPF_Lib.uasset" 341
"../../../../Unreal Projects/Adrenaline_Alley/Content/Blueprints/Misc/BP_ScrollingComponent.uasset" 342
"../../../../Unreal Projects/Adrenaline_Alley/Content/Materials/Obstacles/M_Obstacle02.uasset" 343
"../../../../Unreal Projects/Adrenaline_Alley/Content/Blueprints/Obstacles/BP_Obstacle02.uasset" 344
"../../../../Unreal Projects/Adrenaline_Alley/Content/Materials/Pickups/M_JumpBoost.uasset" 345
"../../../../Unreal Projects/Adrenaline_Alley/Content/Meshes/SM_JumpBoost.uasset" 346
"../../../../Unreal Projects/Adrenaline_Alley/Content/Blueprints/Spawners/BP_SpawnerBase.uasset" 347
"../../../../Unreal Projects/Adrenaline_Alley/Content/Blueprints/Misc/BPI_Spawnable.uasset" 348
"../../../../Unreal Projects/Adrenaline_Alley/Content/Materials/MI_CurveBase.uasset" 349
"../../../../Unreal Projects/Adrenaline_Alley/Content/Materials/Floors/MI_FloorMiddle.uasset" 350
"../../../../Unreal Projects/Adrenaline_Alley/Content/Meshes/ramp5_Cube.uasset" 351
"../../../../Unreal Projects/Adrenaline_Alley/Content/Blueprints/Obstacles/BP_ObstacleRamp.uasset" 352
"../../../../Unreal Projects/Adrenaline_Alley/Content/Materials/Coins/MI_Coin.uasset" 353
"../../../../Unreal Projects/Adrenaline_Alley/Content/Materials/MI_Coin.uasset" 354
"../../../../Unreal Projects/Adrenaline_Alley/Content/Meshes/SM_Coin.uasset" 355
"../../../../Unreal Projects/Adrenaline_Alley/Content/SFX/SFX_CoinPickup.uasset" 356
"../../../../Unreal Projects/Adrenaline_Alley/Content/Blueprints/Pickups/BP_CoinPickup01.uasset" 357
"../../../../Unreal Projects/Adrenaline_Alley/Content/Blueprints/SaveGames/BP_SaveGame.uasset" 358
"../../../../Unreal Projects/Adrenaline_Alley/Content/UI/Fonts/hawkeye-font/Hawkeye-mLZxx.uasset" 359
"../../../../Unreal Projects/Adrenaline_Alley/Content/UI/Fonts/hawkeye-font/Hawkeye-mLZxx_Font.uasset" 360
"../../../../Unreal Projects/Adrenaline_Alley/Content/UI/HUD/1x/CoinsUI.uasset" 361
"../../../../Unreal Projects/Adrenaline_Alley/Content/UI/HUD/1x/GhostUI.uasset" 362
"../../../../Unreal Projects/Adrenaline_Alley/Content/UI/HUD/1x/HighscoreUI.uasset" 363
"../../../../Unreal Projects/Adrenaline_Alley/Content/UI/HUD/1x/MagnetUI.uasset" 364
"../../../../Unreal Projects/Adrenaline_Alley/Content/UI/HUD/1x/PauseBtn.uasset" 365
"../../../../Unreal Projects/Adrenaline_Alley/Content/UI/HUD/1x/ScoreUI.uasset" 366
"../../../../Unreal Projects/Adrenaline_Alley/Content/UI/HUD/WBP_HUD.uasset" 367
"../../../../Unreal Projects/Adrenaline_Alley/Content/Blueprints/Pickups/BP_DoubleJumpPickup.uasset" 368
"../../../../Unreal Projects/Adrenaline_Alley/Content/Blueprints/Pickups/OldCoin.uasset" 369
"../../../../Unreal Projects/Adrenaline_Alley/Content/Blueprints/Pickups/OldMagnet.uasset" 370
"../../../../Unreal Projects/Adrenaline_Alley/Content/Blueprints/Tiles/BP_MasterTile.uasset" 371
"../../../../Unreal Projects/Adrenaline_Alley/Content/Blueprints/Tiles/BP_StarterTile.uasset" 372
"../../../../Unreal Projects/Adrenaline_Alley/Content/SFX/drop_003.uasset" 373
"../../../../Unreal Projects/Adrenaline_Alley/Content/UI/WPB_GameStart.uasset" 374
"../../../../Unreal Projects/Adrenaline_Alley/Content/Blueprints/GameModes/BP_AdrenalineAlleyGameMode.uasset" 375
"../../../../Unreal Projects/Adrenaline_Alley/Content/Blueprints/Game/BP_LevelManager.uasset" 376
"../../../../Unreal Projects/Adrenaline_Alley/Content/Materials/Player/M_Player.uasset" 377
"../../../../Unreal Projects/Adrenaline_Alley/Content/Materials/Player/M_SkateBoard.uasset" 378
"../../../Engine/Content/Functions/Engine_MaterialFunctions02/Utility/BlendAngleCorrectedNormals.uasset" 379
"../../../Engine/Content/Functions/MaterialLayerFunctions/MatLayerBlend_NormalBlend.uasset" 380
"../../../Engine/Content/Functions/MaterialLayerFunctions/MatLayerBlend_Simple.uasset" 381
"../../../../Unreal Projects/Adrenaline_Alley/Content/Mannequin/Character/Materials/MaterialLayers/T_ML_Rubber_Blue_01_D.uasset" 382
"../../../../Unreal Projects/Adrenaline_Alley/Content/Mannequin/Character/Materials/MaterialLayers/T_ML_Rubber_Blue_01_N.uasset" 383
"../../../../Unreal Projects/Adrenaline_Alley/Content/Mannequin/Character/Materials/MaterialLayers/ML_GlossyBlack_Latex_UE4.uasset" 384
"../../../../Unreal Projects/Adrenaline_Alley/Content/Mannequin/Character/Materials/MaterialLayers/ML_Plastic_Shiny_Beige.uasset" 385
"../../../../Unreal Projects/Adrenaline_Alley/Content/Mannequin/Character/Textures/UE4_LOGO_CARD.uasset" 386
"../../../../Unreal Projects/Adrenaline_Alley/Content/Mannequin/Character/Materials/MaterialLayers/ML_Plastic_Shiny_Beige_LOGO.uasset" 387
"../../../../Unreal Projects/Adrenaline_Alley/Content/Mannequin/Character/Materials/MaterialLayers/T_ML_Aluminum01.uasset" 388
"../../../../Unreal Projects/Adrenaline_Alley/Content/Mannequin/Character/Materials/MaterialLayers/T_ML_Aluminum01_N.uasset" 389
"../../../../Unreal Projects/Adrenaline_Alley/Content/Mannequin/Character/Materials/MaterialLayers/ML_SoftMetal_UE4.uasset" 390
"../../../../Unreal Projects/Adrenaline_Alley/Content/Mannequin/Character/Textures/UE4_Mannequin__normals.uasset" 391
"../../../../Unreal Projects/Adrenaline_Alley/Content/Mannequin/Character/Textures/UE4_Mannequin_MAT_MASKA.uasset" 392
"../../../../Unreal Projects/Adrenaline_Alley/Content/Mannequin/Character/Materials/M_UE4Man_Body.uasset" 393
"../../../../Unreal Projects/Adrenaline_Alley/Content/Mannequin/Character/Textures/UE4Man_Logo_N.uasset" 394
"../../../../Unreal Projects/Adrenaline_Alley/Content/Mannequin/Character/Materials/M_UE4Man_ChestLogo.uasset" 395
"../../../../Unreal Projects/Adrenaline_Alley/Content/Mannequin/Character/Mesh/SK_Mannequin_Physics.uasset" 396
"../../../../Unreal Projects/Adrenaline_Alley/Content/Mannequin/Character/Mesh/SK_Mannequin.uasset" 397
"../../../../Unreal Projects/Adrenaline_Alley/Content/Meshes/SM_SkateBoard.uasset" 398
"../../../../Unreal Projects/Adrenaline_Alley/Content/SFX/soundtrack/Jump_part_2.uasset" 399
"../../../../Unreal Projects/Adrenaline_Alley/Content/SFX/soundtrack/SFX_Crash.uasset" 400
"../../../../Unreal Projects/Adrenaline_Alley/Content/SFX/soundtrack/SFX_Jump02.uasset" 401
"../../../../Unreal Projects/Adrenaline_Alley/Content/UI/GameOver/1x/1x/SettingsButtonReplay.uasset" 402
"../../../../Unreal Projects/Adrenaline_Alley/Content/UI/GameOver/1x/CoinsUI.uasset" 403
"../../../../Unreal Projects/Adrenaline_Alley/Content/UI/GameOver/1x/FinalScoreUI.uasset" 404
"../../../../Unreal Projects/Adrenaline_Alley/Content/UI/GameOver/1x/HighscoreUI.uasset" 405
"../../../../Unreal Projects/Adrenaline_Alley/Content/UI/GameOver/1x/HomeIcon.uasset" 406
"../../../../Unreal Projects/Adrenaline_Alley/Content/UI/GameOver/1x/QuitIcon.uasset" 407
"../../../../Unreal Projects/Adrenaline_Alley/Content/UI/GameOver/1x/Quote.uasset" 408
"../../../../Unreal Projects/Adrenaline_Alley/Content/UI/GameOver/1x/ReplayIcon.uasset" 409
"../../../../Unreal Projects/Adrenaline_Alley/Content/UI/GameOver/1x/SettingsBtn.uasset" 410
"../../../../Unreal Projects/Adrenaline_Alley/Content/UI/Menu/Settings/1x/Logo.uasset" 411
"../../../../Unreal Projects/Adrenaline_Alley/Content/UI/PauseMenu/1x/Home.uasset" 412
"../../../../Unreal Projects/Adrenaline_Alley/Content/UI/PauseMenu/1x/NavBar.uasset" 413
"../../../../Unreal Projects/Adrenaline_Alley/Content/UI/PauseMenu/1x/Quit.uasset" 414
"../../../../Unreal Projects/Adrenaline_Alley/Content/UI/GameOver/WPB_GameOver.uasset" 415
"../../../../Unreal Projects/Adrenaline_Alley/Content/Blueprints/Characters/BP_PlayerCharacter.uasset" 416
"../../../../Unreal Projects/Adrenaline_Alley/Content/UI/Menu/1x/Profile.uasset" 417
"../../../../Unreal Projects/Adrenaline_Alley/Content/UI/Menu/1x/SettingsButtonSliderThumb.uasset" 418
"../../../../Unreal Projects/Adrenaline_Alley/Content/UI/Menu/Settings/1x/CancelBtn.uasset" 419
"../../../../Unreal Projects/Adrenaline_Alley/Content/UI/Menu/Settings/1x/CHIBtn.uasset" 420
"../../../../Unreal Projects/Adrenaline_Alley/Content/UI/Menu/Settings/1x/ConfirmBtn.uasset" 421
"../../../../Unreal Projects/Adrenaline_Alley/Content/UI/Menu/Settings/1x/ENGBtn.uasset" 422
"../../../../Unreal Projects/Adrenaline_Alley/Content/UI/Menu/Settings/1x/HomeBtn.uasset" 423
"../../../../Unreal Projects/Adrenaline_Alley/Content/UI/Menu/Settings/1x/ITABtn.uasset" 424
"../../../../Unreal Projects/Adrenaline_Alley/Content/UI/Menu/Settings/1x/LangBG.uasset" 425
"../../../../Unreal Projects/Adrenaline_Alley/Content/UI/Menu/Settings/1x/LangText.uasset" 426
"../../../../Unreal Projects/Adrenaline_Alley/Content/UI/Menu/Settings/1x/MusicText.uasset" 427
"../../../../Unreal Projects/Adrenaline_Alley/Content/UI/Menu/Settings/1x/PakBtn.uasset" 428
"../../../../Unreal Projects/Adrenaline_Alley/Content/UI/Menu/Settings/1x/SettingsBG.uasset" 429
"../../../../Unreal Projects/Adrenaline_Alley/Content/UI/Menu/Settings/1x/SettingsText.uasset" 430
"../../../../Unreal Projects/Adrenaline_Alley/Content/UI/Menu/Settings/1x/SFXText.uasset" 431
"../../../../Unreal Projects/Adrenaline_Alley/Content/UI/Menu/Settings/1x/VolumeSlider.uasset" 432
"../../../../Unreal Projects/Adrenaline_Alley/Content/UI/Credits/1x/Credits.uasset" 433
"../../../../Unreal Projects/Adrenaline_Alley/Content/UI/Credits/WBP_Credits.uasset" 434
"../../../../Unreal Projects/Adrenaline_Alley/Content/UI/Menu/1x/AAButton.uasset" 435
"../../../../Unreal Projects/Adrenaline_Alley/Content/UI/Menu/1x/BG.uasset" 436
"../../../../Unreal Projects/Adrenaline_Alley/Content/UI/Menu/1x/Credits.uasset" 437
"../../../../Unreal Projects/Adrenaline_Alley/Content/UI/Menu/1x/FacebookButton.uasset" 438
"../../../../Unreal Projects/Adrenaline_Alley/Content/UI/Menu/1x/InstaButton.uasset" 439
"../../../../Unreal Projects/Adrenaline_Alley/Content/UI/Menu/1x/Play.uasset" 440
"../../../../Unreal Projects/Adrenaline_Alley/Content/UI/Menu/1x/RatingsBtn.uasset" 441
"../../../../Unreal Projects/Adrenaline_Alley/Content/UI/Menu/1x/Settings.uasset" 442
"../../../../Unreal Projects/Adrenaline_Alley/Content/UI/Menu/1x/SettingsButtonAsset_103.uasset" 443
"../../../../Unreal Projects/Adrenaline_Alley/Content/UI/Menu/1x/SettingsButtonAsset_105.uasset" 444
"../../../../Unreal Projects/Adrenaline_Alley/Content/UI/Menu/1x/Stars.uasset" 445
"../../../../Unreal Projects/Adrenaline_Alley/Content/UI/Menu/1x/TwitterButton.uasset" 446
"../../../../Unreal Projects/Adrenaline_Alley/Content/UI/Menu/1x/Upgrades.uasset" 447
"../../../../Unreal Projects/Adrenaline_Alley/Content/UI/Menu/1x/YoutubeButton.uasset" 448
"../../../../Unreal Projects/Adrenaline_Alley/Content/UI/Menu/WBP_MainMenu.uasset" 449
"../../../../Unreal Projects/Adrenaline_Alley/Content/UI/Menu/WBP_Settings.uasset" 450
"../../../../Unreal Projects/Adrenaline_Alley/Content/UI/PauseMenu/1x/Bounties.uasset" 451
"../../../../Unreal Projects/Adrenaline_Alley/Content/UI/PauseMenu/1x/MuteOff.uasset" 452
"../../../../Unreal Projects/Adrenaline_Alley/Content/UI/PauseMenu/1x/MuteOn.uasset" 453
"../../../../Unreal Projects/Adrenaline_Alley/Content/UI/PauseMenu/1x/Paused.uasset" 454
"../../../../Unreal Projects/Adrenaline_Alley/Content/UI/PauseMenu/1x/Resume.uasset" 455
"../../../../Unreal Projects/Adrenaline_Alley/Content/UI/PauseMenu/1x/Settings.uasset" 456
"../../../../Unreal Projects/Adrenaline_Alley/Content/UI/PauseMenu/1x/SettingsButtonBountiesButton.uasset" 457
"../../../../Unreal Projects/Adrenaline_Alley/Content/UI/PauseMenu/1x/Upgrades.uasset" 458
"../../../../Unreal Projects/Adrenaline_Alley/Content/UI/PauseMenu/WBP_Paused.uasset" 459
"../../../../Unreal Projects/Adrenaline_Alley/Content/UI/WBP_Paused.uasset" 460
"../../../../Unreal Projects/Adrenaline_Alley/Content/UI/WBP_MainMenu.uasset" 461
"../../../../Unreal Projects/Adrenaline_Alley/Content/UI/Widget_MainMenu.uasset" 462
"../../../../Unreal Projects/Adrenaline_Alley/Content/UI/WPB_GameOver.uasset" 463
"../../../../Unreal Projects/Adrenaline_Alley/Content/UI/GameOver/1x/AAIcon.uasset" 464
"../../../../Unreal Projects/Adrenaline_Alley/Content/UI/1x/AAIcon.uasset" 465
"../../../../Unreal Projects/Adrenaline_Alley/Content/UI/1x/HomeIcon.uasset" 466
"../../../../Unreal Projects/Adrenaline_Alley/Content/UI/1x/QuitIcon.uasset" 467
"../../../../Unreal Projects/Adrenaline_Alley/Content/UI/1x/ReplayIcon.uasset" 468
"../../../../Unreal Projects/Adrenaline_Alley/Content/UI/GameOver/1x/1x/SettingsButtonAsset_71.uasset" 469
"../../../../Unreal Projects/Adrenaline_Alley/Content/UI/1x/1x/SettingsButtonAsset_71.uasset" 470
"../../../../Unreal Projects/Adrenaline_Alley/Content/UI/GameOver/1x/1x/SettingsButtonCoins.uasset" 471
"../../../../Unreal Projects/Adrenaline_Alley/Content/UI/1x/1x/SettingsButtonCoins.uasset" 472
"../../../../Unreal Projects/Adrenaline_Alley/Content/UI/GameOver/1x/1x/SettingsButtonCoins02.uasset" 473
"../../../../Unreal Projects/Adrenaline_Alley/Content/UI/1x/1x/SettingsButtonCoins02.uasset" 474
"../../../../Unreal Projects/Adrenaline_Alley/Content/UI/GameOver/1x/1x/SettingsButtonHighscore.uasset" 475
"../../../../Unreal Projects/Adrenaline_Alley/Content/UI/1x/1x/SettingsButtonHighscore.uasset" 476
"../../../../Unreal Projects/Adrenaline_Alley/Content/UI/GameOver/1x/1x/SettingsButtonhighscore02.uasset" 477
"../../../../Unreal Projects/Adrenaline_Alley/Content/UI/1x/1x/SettingsButtonhighscore02.uasset" 478
"../../../../Unreal Projects/Adrenaline_Alley/Content/UI/GameOver/1x/1x/SettingsButtonhome.uasset" 479
"../../../../Unreal Projects/Adrenaline_Alley/Content/UI/1x/1x/SettingsButtonhome.uasset" 480
"../../../../Unreal Projects/Adrenaline_Alley/Content/UI/GameOver/1x/1x/SettingsButtonLogo.uasset" 481
"../../../../Unreal Projects/Adrenaline_Alley/Content/UI/1x/1x/SettingsButtonLogo.uasset" 482
"../../../../Unreal Projects/Adrenaline_Alley/Content/UI/GameOver/1x/1x/SettingsButtonquit.uasset" 483
"../../../../Unreal Projects/Adrenaline_Alley/Content/UI/1x/1x/SettingsButtonquit.uasset" 484
"../../../../Unreal Projects/Adrenaline_Alley/Content/UI/GameOver/1x/1x/SettingsButtonQuote.uasset" 485
"../../../../Unreal Projects/Adrenaline_Alley/Content/UI/1x/1x/SettingsButtonQuote.uasset" 486
"../../../../Unreal Projects/Adrenaline_Alley/Content/UI/1x/1x/SettingsButtonReplay.uasset" 487
"../../../../Unreal Projects/Adrenaline_Alley/Content/UI/GameOver/1x/1x/SettingsButtonScore.uasset" 488
"../../../../Unreal Projects/Adrenaline_Alley/Content/UI/1x/1x/SettingsButtonScore.uasset" 489
"../../../../Unreal Projects/Adrenaline_Alley/Content/UI/GameOver/1x/1x/SettingsButtonScore02.uasset" 490
"../../../../Unreal Projects/Adrenaline_Alley/Content/UI/1x/1x/SettingsButtonScore02.uasset" 491
"../../../../Unreal Projects/Adrenaline_Alley/Content/UI/GameOver/1x/1x/SettingsButtonSettingsBtn.uasset" 492
"../../../../Unreal Projects/Adrenaline_Alley/Content/UI/1x/1x/SettingsButtonSettingsBtn.uasset" 493
"../../../Engine/Content/Animation/DefaultAnimCurveCompressionSettings.uasset" 494
"../../../../Unreal Projects/Adrenaline_Alley/Content/UI/Menu/1x/BottomBar.uasset" 495
"../../../../Unreal Projects/Adrenaline_Alley/Content/UI/Menu/1x/Leaderboard_Button.uasset" 496
"../../../../Unreal Projects/Adrenaline_Alley/Content/UI/Menu/1x/MainBG.uasset" 497
"../../../../Unreal Projects/Adrenaline_Alley/Content/UI/Menu/1x/Main_BG.uasset" 498
"../../../../Unreal Projects/Adrenaline_Alley/Content/UI/Menu/1x/Menubg.uasset" 499
"../../../../Unreal Projects/Adrenaline_Alley/Content/UI/Menu/1x/NavBar.uasset" 500
"../../../../Unreal Projects/Adrenaline_Alley/Content/UI/Menu/1x/PlayButton.uasset" 501
"../../../../Unreal Projects/Adrenaline_Alley/Content/UI/Menu/1x/PlayerButton.uasset" 502
"../../../../Unreal Projects/Adrenaline_Alley/Content/UI/Menu/1x/SettingsButtonBackButton.uasset" 503
"../../../../Unreal Projects/Adrenaline_Alley/Content/UI/Menu/1x/SettingsButtonConfirmButton.uasset" 504
"../../../../Unreal Projects/Adrenaline_Alley/Content/UI/Menu/1x/SettingsButtonLanguagesBG.uasset" 505
"../../../../Unreal Projects/Adrenaline_Alley/Content/UI/Menu/1x/SettingsButtonSettingsMenu.uasset" 506
"../../../../Unreal Projects/Adrenaline_Alley/Content/UI/Menu/1x/SettingsButtonVolumeSlider.uasset" 507
"../../../../Unreal Projects/Adrenaline_Alley/Content/UI/Menu/1x/Settings_Button.uasset" 508
"../../../../Unreal Projects/Adrenaline_Alley/Content/UI/Menu/1x/Socials.uasset" 509
"../../../../Unreal Projects/Adrenaline_Alley/Content/UI/Menu/1x/SocialsBar.uasset" 510
"../../../../Unreal Projects/Adrenaline_Alley/Content/UI/Menu/1x/SocialsBG.uasset" 511
"../../Plugins/2D/Paper2D/Content/PlaceholderTextures/DummySpriteTexture.uasset" 512
"../../Plugins/2D/Paper2D/Content/DummySprite.uasset" 513
"../../Plugins/2D/Paper2D/Content/DefaultPaperTerrainMaterial.uasset" 514
"../../Plugins/2D/Paper2D/Content/DefaultSpriteMaterial.uasset" 515
"../../Plugins/2D/Paper2D/Content/MaskedUnlitSpriteMaterial.uasset" 516
"../../Plugins/2D/Paper2D/Content/OpaqueUnlitSpriteMaterial.uasset" 517
"../../Plugins/FX/Niagara/Content/Enums/ENiagaraBooleanLogicOps.uasset" 518
"../../Plugins/FX/Niagara/Content/Enums/ENiagaraCoordinateSpace.uasset" 519
"../../Plugins/FX/Niagara/Content/Enums/ENiagaraExpansionMode.uasset" 520
"../../Plugins/FX/Niagara/Content/Enums/ENiagaraOrientationAxis.uasset" 521
"../../Plugins/FX/Niagara/Content/Enums/ENiagaraRandomnessMode.uasset" 522
"../../Plugins/FX/Niagara/Content/Icons/S_ParticleSystem.uasset" 523
"../../../Engine/Content/Functions/Engine_MaterialFunctions02/Utility/BreakOutFloat4Components.uasset" 524
"../../Plugins/Runtime/Oculus/OculusVR/Content/Materials/OculusMR_ChromaKey.uasset" 525
"../../Plugins/Runtime/Oculus/OculusVR/Content/Materials/OculusMR_ChromaKey_Lit.uasset" 526
"../../Plugins/Runtime/Oculus/OculusVR/Content/Materials/OculusMR_OpaqueColoredMaterial.uasset" 527
"../../Plugins/Runtime/Oculus/OculusVR/Content/Materials/OculusMR_WhiteMaterial.uasset" 528
"../../../Engine/Content/Maps/Entry_BuiltData.uasset" 529
"../../../Engine/Content/Maps/Entry.umap" 530
"../../../Engine/Content/EngineSky/C_Sky_Cloud_Color.uasset" 531
"../../../Engine/Content/EngineSky/C_Sky_Horizon_Color.uasset" 532
"../../../Engine/Content/EngineSky/C_Sky_Zenith_Color.uasset" 533
"../../../Engine/Content/EngineSky/T_Sky_Blue.uasset" 534
"../../../Engine/Content/EngineSky/T_Sky_Clouds_M.uasset" 535
"../../../Engine/Content/EngineSky/T_Sky_Stars.uasset" 536
"../../../Engine/Content/EngineSky/M_Sky_Panning_Clouds2.uasset" 537
"../../../Engine/Content/EngineSky/SM_SkySphere.uasset" 538
"../../../Engine/Content/EngineSky/BP_Sky_Sphere.uasset" 539
"../../../Engine/Content/BasicShapes/BasicShapeMaterial.uasset" 540
"../../../../Unreal Projects/Adrenaline_Alley/Content/Blueprints/Floors/BP_FloorBase.uasset" 541
"../../../../Unreal Projects/Adrenaline_Alley/Content/Blueprints/Floors/BP_FloorMiddle.uasset" 542
"../../../../Unreal Projects/Adrenaline_Alley/Content/Materials/Floors/MI_SideRamp.uasset" 543
"../../../../Unreal Projects/Adrenaline_Alley/Content/Meshes/Material_001.uasset" 544
"../../../../Unreal Projects/Adrenaline_Alley/Content/Meshes/ramp4.uasset" 545
"../../../../Unreal Projects/Adrenaline_Alley/Content/Blueprints/Floors/BP_FloorSideLeft.uasset" 546
"../../../../Unreal Projects/Adrenaline_Alley/Content/Blueprints/Floors/BP_FloorSideRight.uasset" 547
"../../../../Unreal Projects/Adrenaline_Alley/Content/Materials/Obstacles/MI_Obstacle.uasset" 548
"../../../../Unreal Projects/Adrenaline_Alley/Content/Blueprints/Obstacles/BP_Obstacle.uasset" 549
"../../../../Unreal Projects/Adrenaline_Alley/Content/Materials/Player/M_PlayerGhost.uasset" 550
"../../../../Unreal Projects/Adrenaline_Alley/Content/Materials/M_BaseOpacity.uasset" 551
"../../../../Unreal Projects/Adrenaline_Alley/Content/Materials/MI_Ghost.uasset" 552
"../../../../Unreal Projects/Adrenaline_Alley/Content/Meshes/SM_Ghost.uasset" 553
"../../../../Unreal Projects/Adrenaline_Alley/Content/SFX/soundtrack/SFX_Ghost.uasset" 554
"../../../../Unreal Projects/Adrenaline_Alley/Content/Blueprints/Pickups/BP_Ghost.uasset" 555
"../../../../Unreal Projects/Adrenaline_Alley/Content/Materials/Pickups/MI_MagnetRed.uasset" 556
"../../../../Unreal Projects/Adrenaline_Alley/Content/Materials/Pickups/MI_MagnetWhite.uasset" 557
"../../../../Unreal Projects/Adrenaline_Alley/Content/Materials/MI_MagnetRed.uasset" 558
"../../../../Unreal Projects/Adrenaline_Alley/Content/Materials/MI_MagnetWhite.uasset" 559
"../../../../Unreal Projects/Adrenaline_Alley/Content/Meshes/SM_Magnet.uasset" 560
"../../../../Unreal Projects/Adrenaline_Alley/Content/SFX/soundtrack/SFX_Magnet.uasset" 561
"../../../../Unreal Projects/Adrenaline_Alley/Content/Blueprints/Pickups/BP_Magnet.uasset" 562
"../../../../Unreal Projects/Adrenaline_Alley/Content/Blueprints/Spawners/BP_SpawnerFloor.uasset" 563
"../../../../Unreal Projects/Adrenaline_Alley/Content/Blueprints/Spawners/BP_SpawnerItems.uasset" 564
"../../../../Unreal Projects/Adrenaline_Alley/Content/Blueprints/Spawners/BP_SpawnerObstacle.uasset" 565
"../../../../Unreal Projects/Adrenaline_Alley/Content/Levels/Level01_BuiltData.uasset" 566
"../../../../Unreal Projects/Adrenaline_Alley/Content/Levels/Level01.umap" 567
"../../../../Unreal Projects/Adrenaline_Alley/Content/Blueprints/GameModes/BP_MainGameMode.uasset" 568
"../../../../Unreal Projects/Adrenaline_Alley/Content/SFX/SFX_MainMenu.uasset" 569
"../../../../Unreal Projects/Adrenaline_Alley/Content/Blueprints/Sounds/BP_MusicPlayer.uasset" 570
"../../../../Unreal Projects/Adrenaline_Alley/Content/Levels/MainMenu_BuiltData.uasset" 571
"../../../../Unreal Projects/Adrenaline_Alley/Content/UI/Intro/1x/IntroBG.uasset" 572
"../../../../Unreal Projects/Adrenaline_Alley/Content/UI/Intro/1x/IntroStart.uasset" 573
"../../../../Unreal Projects/Adrenaline_Alley/Content/UI/Intro/WBP_Intro.uasset" 574
"../../../../Unreal Projects/Adrenaline_Alley/Content/Levels/MainMenu.umap" 575
