"../../Plugins/FX/Niagara/Content/DefaultAssets/DefaultSpriteMaterial.uasset" 0
"../../Plugins/FX/Niagara/Content/DynamicInputs/TypeConversions/Vector2DFromFloat.uasset" 1
"../../Plugins/FX/Niagara/Content/Enums/ENiagaraRandomnessMode.uasset" 2
"../../Plugins/FX/Niagara/Content/Functions/GetRandomInfo.uasset" 3
"../../Plugins/FX/Niagara/Content/Functions/RandomRangeFloat.uasset" 4
"../../Plugins/FX/Niagara/Content/DynamicInputs/UniformRange/UniformRangedFloat.uasset" 5
"../../Plugins/FX/Niagara/Content/Functions/RandomRangeInteger.uasset" 6
"../../Plugins/FX/Niagara/Content/DynamicInputs/UniformRange/UniformRangedInt.uasset" 7
"../../Plugins/FX/Niagara/Content/DynamicInputs/ValueFromCurve/FloatFromCurve.uasset" 8
"../../Plugins/FX/Niagara/Content/Functions/Localspace/SimulationPosition.uasset" 9
"../../Plugins/FX/Niagara/Content/Functions/Emitter/EmitterChangeState.uasset" 10
"../../Plugins/FX/Niagara/Content/Enums/ENiagara_EmitterStateOptions.uasset" 11
"../../Plugins/FX/Niagara/Content/Enums/ENiagara_InfiniteLoopDuration.uasset" 12
"../../Plugins/FX/Niagara/Content/Enums/ENiagaraEmitterLifeCycleMode.uasset" 13
"../../Plugins/FX/Niagara/Content/Enums/ENiagaraEmitterScalabilityMode_Limited.uasset" 14
"../../Plugins/FX/Niagara/Content/Enums/ENiagaraExecutionStateManagement.uasset" 15
"../../Plugins/FX/Niagara/Content/Enums/ENiagaraInactiveMode.uasset" 16
"../../Plugins/FX/Niagara/Content/Modules/Emitter/EmitterState.uasset" 17
"../../Plugins/FX/Niagara/Content/Modules/Emitter/SpawnBurst_Instantaneous.uasset" 18
"../../Plugins/FX/Niagara/Content/Functions/DirectionAndLengthSafe.uasset" 19
"../../Plugins/FX/Niagara/Content/Modules/Solvers/SolveForcesAndVelocity.uasset" 20
"../../Plugins/FX/Niagara/Content/Modules/Spawn/Initialization/InitializeParticle.uasset" 21
"../../Plugins/FX/Niagara/Content/Enums/ENiagaraCoordinateSpace.uasset" 22
"../../Plugins/FX/Niagara/Content/Functions/Localspace/TransformBase.uasset" 23
"../../Plugins/FX/Niagara/Content/Functions/Localspace/TransformVector.uasset" 24
"../../Plugins/FX/Niagara/Content/Functions/Math/RemapValueRange.uasset" 25
"../../Plugins/FX/Niagara/Content/Functions/PolarToCartesianCoordinates.uasset" 26
"../../Plugins/FX/Niagara/Content/Functions/RandomVectorInCone.uasset" 27
"../../Plugins/FX/Niagara/Content/Functions/Rotation/FindQuatBetween.uasset" 28
"../../Plugins/FX/Niagara/Content/Functions/Rotation/MultiplyVectorWithQuaternion.uasset" 29
"../../Plugins/FX/Niagara/Content/Modules/Spawn/Velocity/AddVelocityInCone.uasset" 30
"../../Plugins/FX/Niagara/Content/Enums/ENiagaraScaleColorMode.uasset" 31
"../../Plugins/FX/Niagara/Content/Modules/Update/Color/ScaleColor.uasset" 32
"../../Plugins/FX/Niagara/Content/Modules/Update/Forces/GravityForce.uasset" 33
"../../Plugins/FX/Niagara/Content/Modules/Update/Lifetime/ParticleState.uasset" 34
"../../Plugins/FX/Niagara/Content/Modules/Update/Size/ScaleSpriteSizeBySpeed.uasset" 35
"../../../../Unreal Projects/Adrenaline_Alley/Content/FX/NE_Sparks.uasset" 36
"../../../../Unreal Projects/Adrenaline_Alley/Content/NE_Sparks.uasset" 37
"../../Plugins/FX/Niagara/Content/Functions/System/SystemChangeState.uasset" 38
"../../Plugins/FX/Niagara/Content/Enums/ENiagaraSystemInactiveMode.uasset" 39
"../../Plugins/FX/Niagara/Content/Modules/System/SystemState.uasset" 40
"../../../../Unreal Projects/Adrenaline_Alley/Content/FX/NS_Sparks.uasset" 41
"../../../../Unreal Projects/Adrenaline_Alley/Content/NS_Sparks.uasset" 42
"../../../Engine/Content/Animation/DefaultAnimBoneCompressionSettings.uasset" 43
"../../../../Unreal Projects/Adrenaline_Alley/Content/Meshes/Player_Character/Character01_Skeleton.uasset" 44
"../../../../Unreal Projects/Adrenaline_Alley/Content/Animations/Player/Character01_Idle01__root_Jump.uasset" 45
"../../../../Unreal Projects/Adrenaline_Alley/Content/Animations/Player/Character01_Jump__PhysicsAsset.uasset" 46
"../../../../Unreal Projects/Adrenaline_Alley/Content/Animations/Player/Character01_Jump_.uasset" 47
"../../../Engine/Content/EditorBlueprintResources/StandardMacros.uasset" 48
"../../../../Unreal Projects/Adrenaline_Alley/Content/Blueprints/SaveGames/BP_SaveGame.uasset" 49
"../../../../Unreal Projects/Adrenaline_Alley/Content/Animations/Player/Character01_Idle01__Idle01.uasset" 50
"../../../../Unreal Projects/Adrenaline_Alley/Content/Animations/Player/Character01_Jump__Anim_Jump.uasset" 51
"../../../../Unreal Projects/Adrenaline_Alley/Content/Blueprints/BP_CameraShake.uasset" 52
"../../../../Unreal Projects/Adrenaline_Alley/Content/Blueprints/Coins/CoinPickups.uasset" 53
"../../../../Unreal Projects/Adrenaline_Alley/Content/Blueprints/Libraries/BPF_Lib.uasset" 54
"../../../../Unreal Projects/Adrenaline_Alley/Content/Materials/Textures/Plywood/TexturesCom_Wood_PlywoodClean_512_albedo.uasset" 55
"../../../../Unreal Projects/Adrenaline_Alley/Content/Materials/Textures/Plywood/TexturesCom_Wood_PlywoodClean_512_normal.uasset" 56
"../../../../Unreal Projects/Adrenaline_Alley/Content/Materials/Textures/Plywood/TexturesCom_Wood_PlywoodClean_512_roughness.uasset" 57
"../../../../Unreal Projects/Adrenaline_Alley/Content/Materials/Fence/M_Plywood.uasset" 58
"../../../../Unreal Projects/Adrenaline_Alley/Content/Materials/Obstacles/M_Rail.uasset" 59
"../../../../Unreal Projects/Adrenaline_Alley/Content/Materials/Player/M_SkateBoard.uasset" 60
"../../../../Unreal Projects/Adrenaline_Alley/Content/Materials/Obstacles/M_ColorBase.uasset" 61
"../../../../Unreal Projects/Adrenaline_Alley/Content/Materials/Obstacles/MI_Black.uasset" 62
"../../../../Unreal Projects/Adrenaline_Alley/Content/Materials/Player/Character/M_Eye.uasset" 63
"../../../../Unreal Projects/Adrenaline_Alley/Content/Materials/Player/Character/M_Eyebrows.uasset" 64
"../../../../Unreal Projects/Adrenaline_Alley/Content/Materials/Player/Character/M_Hair.uasset" 65
"../../../../Unreal Projects/Adrenaline_Alley/Content/Materials/Player/Character/M_Helmet.uasset" 66
"../../../../Unreal Projects/Adrenaline_Alley/Content/Materials/Textures/Hoodie/TexturesCom_Fabric_Cotton_512_albedo.uasset" 67
"../../../../Unreal Projects/Adrenaline_Alley/Content/Materials/Textures/Hoodie/TexturesCom_Fabric_Cotton_512_ao.uasset" 68
"../../../../Unreal Projects/Adrenaline_Alley/Content/Materials/Textures/Hoodie/TexturesCom_Fabric_Cotton_512_normal.uasset" 69
"../../../../Unreal Projects/Adrenaline_Alley/Content/Materials/Textures/Hoodie/TexturesCom_Fabric_Cotton_512_roughness.uasset" 70
"../../../../Unreal Projects/Adrenaline_Alley/Content/Materials/Player/Character/M_Hoodie.uasset" 71
"../../../../Unreal Projects/Adrenaline_Alley/Content/Materials/Player/Character/M_Iris.uasset" 72
"../../../../Unreal Projects/Adrenaline_Alley/Content/Materials/Player/Character/M_Iris02.uasset" 73
"../../../../Unreal Projects/Adrenaline_Alley/Content/Materials/Player/Character/M_Mouth.uasset" 74
"../../../../Unreal Projects/Adrenaline_Alley/Content/Materials/Player/Character/M_Pants.uasset" 75
"../../../../Unreal Projects/Adrenaline_Alley/Content/Materials/Player/Character/M_Pupil.uasset" 76
"../../../../Unreal Projects/Adrenaline_Alley/Content/Materials/Player/Character/M_Shoe_Soles.uasset" 77
"../../../../Unreal Projects/Adrenaline_Alley/Content/Materials/Player/Character/M_Shoes.uasset" 78
"../../../../Unreal Projects/Adrenaline_Alley/Content/Materials/Player/Character/M_Skin.uasset" 79
"../../../../Unreal Projects/Adrenaline_Alley/Content/Meshes/Player_Character/Character01_Idle01__PhysicsAsset.uasset" 80
"../../../../Unreal Projects/Adrenaline_Alley/Content/Meshes/Player_Character/Character01_Idle01_.uasset" 81
"../../../Engine/Content/Functions/Engine_MaterialFunctions01/Opacity/CameraDepthFade.uasset" 82
"../../../Engine/Content/EngineMaterials/T_Default_Material_Grid_M.uasset" 83
"../../../Engine/Content/EngineMaterials/T_Default_Material_Grid_N.uasset" 84
"../../../Engine/Content/EngineMaterials/WorldGridMaterial.uasset" 85
"../../../../Unreal Projects/Adrenaline_Alley/Content/Meshes/Skateboard/SM_Skateboard.uasset" 86
"../../../../Unreal Projects/Adrenaline_Alley/Content/Sounds/Music.uasset" 87
"../../../../Unreal Projects/Adrenaline_Alley/Content/Sounds/Master.uasset" 88
"../../../../Unreal Projects/Adrenaline_Alley/Content/Sounds/SFX.uasset" 89
"../../../../Unreal Projects/Adrenaline_Alley/Content/Sounds/SFX/SFX_Crash.uasset" 90
"../../../../Unreal Projects/Adrenaline_Alley/Content/Sounds/SFX/S_Crash_Cue.uasset" 91
"../../../../Unreal Projects/Adrenaline_Alley/Content/Sounds/SFX/SFX_Jump_Land.uasset" 92
"../../../../Unreal Projects/Adrenaline_Alley/Content/Sounds/SFX/S_Jump_Land_Cue.uasset" 93
"../../../../Unreal Projects/Adrenaline_Alley/Content/Sounds/SFX/SFX_Jump_Up.uasset" 94
"../../../../Unreal Projects/Adrenaline_Alley/Content/Sounds/SFX/S_Jump_Up_Cue.uasset" 95
"../../../../Unreal Projects/Adrenaline_Alley/Content/UI/Fonts/hawkeye-font/Hawkeye-mLZxx.uasset" 96
"../../../../Unreal Projects/Adrenaline_Alley/Content/UI/Fonts/hawkeye-font/Hawkeye-mLZxx_Font.uasset" 97
"../../../../Unreal Projects/Adrenaline_Alley/Content/Sounds/Music/SFX_MainMenu.uasset" 98
"../../../../Unreal Projects/Adrenaline_Alley/Content/Sounds/Music/S_MainMenu_Cue.uasset" 99
"../../../../Unreal Projects/Adrenaline_Alley/Content/Sounds/SFX/SFX_Button.uasset" 100
"../../../../Unreal Projects/Adrenaline_Alley/Content/Sounds/SFX/S_Button_Cue.uasset" 101
"../../../../Unreal Projects/Adrenaline_Alley/Content/Sounds/SFX/SFX_ScoreTotal.uasset" 102
"../../../../Unreal Projects/Adrenaline_Alley/Content/Sounds/SFX/S_ScoreTotal_Cue.uasset" 103
"../../../../Unreal Projects/Adrenaline_Alley/Content/Sounds/SFX/SFX_TotalCoins.uasset" 104
"../../../../Unreal Projects/Adrenaline_Alley/Content/Sounds/SFX/S_TotalCoins_Cue.uasset" 105
"../../../../Unreal Projects/Adrenaline_Alley/Content/UI/GameOver/HighscoreBG_1.uasset" 106
"../../../../Unreal Projects/Adrenaline_Alley/Content/UI/GameOver/ReplayBtn.uasset" 107
"../../../../Unreal Projects/Adrenaline_Alley/Content/UI/Menu/Highscore/BackBtn.uasset" 108
"../../../../Unreal Projects/Adrenaline_Alley/Content/UI/Menu/QuitBtn.uasset" 109
"../../../../Unreal Projects/Adrenaline_Alley/Content/UI/GameOver/WPB_GameOver.uasset" 110
"../../../../Unreal Projects/Adrenaline_Alley/Content/Blueprints/Misc/BP_ScrollingComponent.uasset" 111
"../../../Engine/Content/BasicShapes/BasicShapeMaterial.uasset" 112
"../../../../Unreal Projects/Adrenaline_Alley/Content/Materials/Textures/AALogo.uasset" 113
"../../../../Unreal Projects/Adrenaline_Alley/Content/Materials/Floors/M_AALogo.uasset" 114
"../../../../Unreal Projects/Adrenaline_Alley/Content/Materials/Textures/Walls/T_Platform_Texture_01.uasset" 115
"../../../../Unreal Projects/Adrenaline_Alley/Content/Materials/Walls/M_Platform_Text.uasset" 116
"../../../../Unreal Projects/Adrenaline_Alley/Content/Meshes/SM_Cube01.uasset" 117
"../../../../Unreal Projects/Adrenaline_Alley/Content/Blueprints/Floors/BP_FloorBase.uasset" 118
"../../../../Unreal Projects/Adrenaline_Alley/Content/Materials/Textures/T_skatemarks.uasset" 119
"../../../../Unreal Projects/Adrenaline_Alley/Content/Materials/Floors/M_skatemarks.uasset" 120
"../../../../Unreal Projects/Adrenaline_Alley/Content/Materials/Floors/M_FloorBase.uasset" 121
"../../../../Unreal Projects/Adrenaline_Alley/Content/Materials/Floors/MI_FloorMiddle.uasset" 122
"../../../../Unreal Projects/Adrenaline_Alley/Content/Materials/Obstacles/MI_Blue.uasset" 123
"../../../../Unreal Projects/Adrenaline_Alley/Content/Materials/Obstacles/MI_Yellow.uasset" 124
"../../../Engine/Content/BasicShapes/Plane.uasset" 125
"../../../../Unreal Projects/Adrenaline_Alley/Content/Blueprints/Floors/BP_FloorMiddle.uasset" 126
"../../../../Unreal Projects/Adrenaline_Alley/Content/Blueprints/Spawners/BP_SpawnerBase.uasset" 127
"../../../../Unreal Projects/Adrenaline_Alley/Content/Blueprints/Misc/BPI_Spawnable.uasset" 128
"../../../../Unreal Projects/Adrenaline_Alley/Content/Materials/Coins/M_Coin_Glow_Base.uasset" 129
"../../../../Unreal Projects/Adrenaline_Alley/Content/Materials/Coins/M_GoldCoin.uasset" 130
"../../../../Unreal Projects/Adrenaline_Alley/Content/Meshes/Pickups/SM_AA_Coin.uasset" 131
"../../../../Unreal Projects/Adrenaline_Alley/Content/Sounds/SFX/SFX_CoinPickup.uasset" 132
"../../../../Unreal Projects/Adrenaline_Alley/Content/Sounds/SFX/S_CoinPickup_Cue.uasset" 133
"../../../../Unreal Projects/Adrenaline_Alley/Content/Blueprints/Coins/BP_BaseCoin.uasset" 134
"../../../../Unreal Projects/Adrenaline_Alley/Content/Sounds/MasterVolume.uasset" 135
"../../../../Unreal Projects/Adrenaline_Alley/Content/UI/HUD/2xScoreUI.uasset" 136
"../../../../Unreal Projects/Adrenaline_Alley/Content/UI/HUD/CoinsUI.uasset" 137
"../../../../Unreal Projects/Adrenaline_Alley/Content/UI/HUD/GhostUI.uasset" 138
"../../../../Unreal Projects/Adrenaline_Alley/Content/UI/HUD/HighscoreUI.uasset" 139
"../../../../Unreal Projects/Adrenaline_Alley/Content/UI/HUD/MagnetUI.uasset" 140
"../../../../Unreal Projects/Adrenaline_Alley/Content/UI/HUD/PauseBtn.uasset" 141
"../../../../Unreal Projects/Adrenaline_Alley/Content/UI/HUD/ScoreUI.uasset" 142
"../../../../Unreal Projects/Adrenaline_Alley/Content/UI/HUD/SlowMoUI.uasset" 143
"../../../../Unreal Projects/Adrenaline_Alley/Content/UI/LoadingScreen/AA_LoadingScreen.uasset" 144
"../../../../Unreal Projects/Adrenaline_Alley/Content/UI/LoadingScreen/WB_Loading.uasset" 145
"../../../../Unreal Projects/Adrenaline_Alley/Content/UI/Menu/Settings/Slider.uasset" 146
"../../../../Unreal Projects/Adrenaline_Alley/Content/UI/Menu/SettingsBtn.uasset" 147
"../../../../Unreal Projects/Adrenaline_Alley/Content/UI/PauseMenu/PauseBG.uasset" 148
"../../../../Unreal Projects/Adrenaline_Alley/Content/UI/HUD/WBP_HUD.uasset" 149
"../../../../Unreal Projects/Adrenaline_Alley/Content/Characters/BP_PlayerCharacter.uasset" 150
"../../../../Unreal Projects/Adrenaline_Alley/Content/Sounds/SFX/SFX_Highscore.uasset" 151
"../../../../Unreal Projects/Adrenaline_Alley/Content/Sounds/SFX/S_Highscore_Cue.uasset" 152
"../../../../Unreal Projects/Adrenaline_Alley/Content/Sounds/SFX/SFX_Countdown.uasset" 153
"../../../../Unreal Projects/Adrenaline_Alley/Content/Sounds/SFX/S_Countdown_Cue.uasset" 154
"../../../../Unreal Projects/Adrenaline_Alley/Content/Sounds/SFX/S_Countdown_GO_Cue.uasset" 155
"../../../../Unreal Projects/Adrenaline_Alley/Content/UI/GameStart/WPB_GameStart.uasset" 156
"../../../../Unreal Projects/Adrenaline_Alley/Content/Blueprints/GameModes/BP_AdrenalineAlleyGameMode.uasset" 157
"../../../../Unreal Projects/Adrenaline_Alley/Content/Sounds/Music/SFX_MainGame.uasset" 158
"../../../../Unreal Projects/Adrenaline_Alley/Content/Sounds/Music/SFX_MainGame_02.uasset" 159
"../../../../Unreal Projects/Adrenaline_Alley/Content/Sounds/Music/S_MainGame_Cue.uasset" 160
"../../../../Unreal Projects/Adrenaline_Alley/Content/Sounds/SFX/SFX_Ghost.uasset" 161
"../../../../Unreal Projects/Adrenaline_Alley/Content/Sounds/SFX/S_Ghost_Cue.uasset" 162
"../../../../Unreal Projects/Adrenaline_Alley/Content/Blueprints/Game/BP_LevelManager.uasset" 163
"../../../../Unreal Projects/Adrenaline_Alley/Content/Blueprints/BP_LevelManager.uasset" 164
"../../../../Unreal Projects/Adrenaline_Alley/Content/Blueprints/GameModes/BP_MainMenuGameMode.uasset" 165
"../../../../Unreal Projects/Adrenaline_Alley/Content/Blueprints/GameModes/BP_MainGameMode.uasset" 166
"../../../../Unreal Projects/Adrenaline_Alley/Content/Blueprints/BP_MainGameMode.uasset" 167
"../../../../Unreal Projects/Adrenaline_Alley/Content/Blueprints/Sounds/BP_MusicPlayer.uasset" 168
"../../../../Unreal Projects/Adrenaline_Alley/Content/Blueprints/BP_MusicPlayer.uasset" 169
"../../../../Unreal Projects/Adrenaline_Alley/Content/Meshes/SM_Skateboard2.uasset" 170
"../../../../Unreal Projects/Adrenaline_Alley/Content/Blueprints/Characters/BP_PlayerCharacter.uasset" 171
"../../../../Unreal Projects/Adrenaline_Alley/Content/Blueprints/BP_PlayerCharacter.uasset" 172
"../../../../Unreal Projects/Adrenaline_Alley/Content/Materials/Coins/MI_PlatCoin.uasset" 173
"../../../../Unreal Projects/Adrenaline_Alley/Content/Blueprints/Coins/BP_Plat_Coin.uasset" 174
"../../../../Unreal Projects/Adrenaline_Alley/Content/Materials/Lights/M_Light.uasset" 175
"../../../../Unreal Projects/Adrenaline_Alley/Content/Materials/Lights/M_LightBase.uasset" 176
"../../../../Unreal Projects/Adrenaline_Alley/Content/Materials/M_Glow_Yellow.uasset" 177
"../../../../Unreal Projects/Adrenaline_Alley/Content/Materials/Walls/M_Platform.uasset" 178
"../../../../Unreal Projects/Adrenaline_Alley/Content/Materials/Walls/M_Wall.uasset" 179
"../../../../Unreal Projects/Adrenaline_Alley/Content/Materials/Floors/MI_FloorRight.uasset" 180
"../../../Engine/Content/BasicShapes/Cube.uasset" 181
"../../../../Unreal Projects/Adrenaline_Alley/Content/Meshes/Fence/uploads_files_599413_Fence_Box001.uasset" 182
"../../../../Unreal Projects/Adrenaline_Alley/Content/Meshes/Fence/uploads_files_599413_Fence_Box002.uasset" 183
"../../../../Unreal Projects/Adrenaline_Alley/Content/Meshes/Fence/uploads_files_599413_Fence_Box003.uasset" 184
"../../../../Unreal Projects/Adrenaline_Alley/Content/Meshes/Fence/uploads_files_599413_Fence_Box004.uasset" 185
"../../../../Unreal Projects/Adrenaline_Alley/Content/Meshes/Fence/uploads_files_599413_Fence_Box005.uasset" 186
"../../../../Unreal Projects/Adrenaline_Alley/Content/Meshes/Fence/uploads_files_599413_Fence_Box006.uasset" 187
"../../../../Unreal Projects/Adrenaline_Alley/Content/Meshes/Fence/uploads_files_599413_Fence_Box007.uasset" 188
"../../../../Unreal Projects/Adrenaline_Alley/Content/Blueprints/Floors/BP_FloorSideRight.uasset" 189
"../../../../Unreal Projects/Adrenaline_Alley/Content/Blueprints/Floors/BP_FloorSide.uasset" 190
"../../../../Unreal Projects/Adrenaline_Alley/Content/Blueprints/Libraries/BPM_Lib.uasset" 191
"../../../../Unreal Projects/Adrenaline_Alley/Content/Blueprints/Pickups/BP_BaseCoin.uasset" 192
"../../../../Unreal Projects/Adrenaline_Alley/Content/Blueprints/Pickups/BP_GoldCoin.uasset" 193
"../../../../Unreal Projects/Adrenaline_Alley/Content/Blueprints/Pickups/BP_CoinPickup1.uasset" 194
"../../../../Unreal Projects/Adrenaline_Alley/Content/Blueprints/Pickups/BP_CoinPickup01.uasset" 195
"../../../../Unreal Projects/Adrenaline_Alley/Content/Blueprints/Obstacles/BP_CoinPickup01.uasset" 196
"../../../../Unreal Projects/Adrenaline_Alley/Content/Blueprints/Pickups/BP_PickupBase.uasset" 197
"../../../../Unreal Projects/Adrenaline_Alley/Content/Blueprints/Pickups/BP_Base.uasset" 198
"../../../../Unreal Projects/Adrenaline_Alley/Content/Blueprints/Pickups/BP_Magnet.uasset" 199
"../../../../Unreal Projects/Adrenaline_Alley/Content/Blueprints/Obstacles/BP_Magnet.uasset" 200
"../../../../Unreal Projects/Adrenaline_Alley/Content/Materials/Coins/M_Coin_Base.uasset" 201
"../../../../Unreal Projects/Adrenaline_Alley/Content/Materials/Coins/MI_GoldCoin.uasset" 202
"../../../../Unreal Projects/Adrenaline_Alley/Content/Materials/Coins/MI_GoldCoin_Glow.uasset" 203
"../../../../Unreal Projects/Adrenaline_Alley/Content/Blueprints/Coins/BP_Gold_Coin.uasset" 204
"../../../../Unreal Projects/Adrenaline_Alley/Content/Blueprints/Obstacles/BP_ObstacleBase.uasset" 205
"../../../../Unreal Projects/Adrenaline_Alley/Content/Blueprints/Obstacles/BP_ObstacleRamp_01.uasset" 206
"../../../../Unreal Projects/Adrenaline_Alley/Content/Materials/Textures/Walls/T_ActionSpace_Text.uasset" 207
"../../../../Unreal Projects/Adrenaline_Alley/Content/Materials/Obstacles/M_ActionSpace.uasset" 208
"../../../../Unreal Projects/Adrenaline_Alley/Content/Materials/Obstacles/MI_Ramp.uasset" 209
"../../../../Unreal Projects/Adrenaline_Alley/Content/Meshes/Obstacles/SM_Obstacles05_Ramp.uasset" 210
"../../../../Unreal Projects/Adrenaline_Alley/Content/Meshes/Obstacles/SM_Obstacles05_Wall01.uasset" 211
"../../../../Unreal Projects/Adrenaline_Alley/Content/Meshes/Obstacles/SM_Obstacles05_Wall02.uasset" 212
"../../../../Unreal Projects/Adrenaline_Alley/Content/Blueprints/Obstacles/BP_Obstacle05.uasset" 213
"../../../../Unreal Projects/Adrenaline_Alley/Content/Blueprints/Obstacles/BP_Obstacle_Ramp02.uasset" 214
"../../../../Unreal Projects/Adrenaline_Alley/Content/Blueprints/Obstacles/BP_ObstacleRamp_02.uasset" 215
"../../../../Unreal Projects/Adrenaline_Alley/Content/Blueprints/Obstacles/BP_ObstacleRamp_03.uasset" 216
"../../../../Unreal Projects/Adrenaline_Alley/Content/Materials/Obstacles/MI_Grey.uasset" 217
"../../../../Unreal Projects/Adrenaline_Alley/Content/Meshes/Obstacles/SM_Obstacle06.uasset" 218
"../../../../Unreal Projects/Adrenaline_Alley/Content/Meshes/Obstacles/SM_Obstacle06_Rail.uasset" 219
"../../../../Unreal Projects/Adrenaline_Alley/Content/Sounds/SFX/S_RailGrind_Cue.uasset" 220
"../../../../Unreal Projects/Adrenaline_Alley/Content/Blueprints/Obstacles/BP_Obstacle06.uasset" 221
"../../../../Unreal Projects/Adrenaline_Alley/Content/Blueprints/Obstacles/BP_Obstacle_Rail_Ramp.uasset" 222
"../../../../Unreal Projects/Adrenaline_Alley/Content/Materials/M_Glow_Blue.uasset" 223
"../../../../Unreal Projects/Adrenaline_Alley/Content/Meshes/Pickups/SM_2xScore_Cube.uasset" 224
"../../../../Unreal Projects/Adrenaline_Alley/Content/Meshes/Pickups/SM_2xScore_Text.uasset" 225
"../../../../Unreal Projects/Adrenaline_Alley/Content/Meshes/Pickups/SM_2xScore_Text_001.uasset" 226
"../../../../Unreal Projects/Adrenaline_Alley/Content/Blueprints/Pickups/BP_2xScorePickup.uasset" 227
"../../../../Unreal Projects/Adrenaline_Alley/Content/Blueprints/Pickups/BP_2xScore.uasset" 228
"../../../../Unreal Projects/Adrenaline_Alley/Content/Blueprints/Pickups/BP_2xPickup.uasset" 229
"../../../../Unreal Projects/Adrenaline_Alley/Content/Materials/Coins/MI_SilverCoin.uasset" 230
"../../../../Unreal Projects/Adrenaline_Alley/Content/Materials/Coins/MI_SilverCoin_Glow.uasset" 231
"../../../../Unreal Projects/Adrenaline_Alley/Content/Blueprints/Coins/BP_Silver_Coin.uasset" 232
"../../../../Unreal Projects/Adrenaline_Alley/Content/Blueprints/Pickups/BP_Silver_Coin.uasset" 233
"../../../../Unreal Projects/Adrenaline_Alley/Content/Blueprints/Pickups/BP_SilverCoin.uasset" 234
"../../../../Unreal Projects/Adrenaline_Alley/Content/Blueprints/Pickups/BP_CoinPickup2.uasset" 235
"../../../../Unreal Projects/Adrenaline_Alley/Content/Materials/Pickups/M_JumpBoost.uasset" 236
"../../../../Unreal Projects/Adrenaline_Alley/Content/Meshes/Pickups/SM_JumpBoost.uasset" 237
"../../../../Unreal Projects/Adrenaline_Alley/Content/Blueprints/Pickups/BP_DoubleJump.uasset" 238
"../../../../Unreal Projects/Adrenaline_Alley/Content/Blueprints/Pickups/BP_DoubleJumpPickup.uasset" 239
"../../../../Unreal Projects/Adrenaline_Alley/Content/Materials/Pickups/Ghost/M_Ghost.uasset" 240
"../../../../Unreal Projects/Adrenaline_Alley/Content/Materials/Pickups/Ghost/M_GhostHelmet.uasset" 241
"../../../../Unreal Projects/Adrenaline_Alley/Content/Materials/Pickups/Ghost/M_GhostMouth.uasset" 242
"../../../../Unreal Projects/Adrenaline_Alley/Content/Materials/Player/M_PlayerGhost.uasset" 243
"../../../../Unreal Projects/Adrenaline_Alley/Content/Meshes/Pickups/SM_GhostPickup.uasset" 244
"../../../../Unreal Projects/Adrenaline_Alley/Content/Blueprints/Pickups/BP_GhostPickup.uasset" 245
"../../../../Unreal Projects/Adrenaline_Alley/Content/Blueprints/Pickups/BP_Ghost.uasset" 246
"../../../../Unreal Projects/Adrenaline_Alley/Content/Blueprints/Pickups/BP_Ghost1.uasset" 247
"../../../../Unreal Projects/Adrenaline_Alley/Content/Blueprints/Pickups/BP_Gold_Coin.uasset" 248
"../../../../Unreal Projects/Adrenaline_Alley/Content/Blueprints/Pickups/BP_MagnetPickup.uasset" 249
"../../../../Unreal Projects/Adrenaline_Alley/Content/Blueprints/Pickups/BP_CoinPickup.uasset" 250
"../../../../Unreal Projects/Adrenaline_Alley/Content/Blueprints/Pickups/BP_Pickup.uasset" 251
"../../../../Unreal Projects/Adrenaline_Alley/Content/Blueprints/Coins/BP_RampCoin.uasset" 252
"../../../../Unreal Projects/Adrenaline_Alley/Content/Blueprints/Pickups/BP_RampCoin.uasset" 253
"../../../../Unreal Projects/Adrenaline_Alley/Content/Blueprints/Pickups/BP_RampCoinPickup.uasset" 254
"../../../../Unreal Projects/Adrenaline_Alley/Content/Blueprints/Obstacles/BP_ObstacleRamp.uasset" 255
"../../../../Unreal Projects/Adrenaline_Alley/Content/Materials/Coins/MI_SilverCoin1.uasset" 256
"../../../../Unreal Projects/Adrenaline_Alley/Content/Meshes/Pickups/AA_coin.uasset" 257
"../../../../Unreal Projects/Adrenaline_Alley/Content/Meshes/Pickups/SM_Coin.uasset" 258
"../../../../Unreal Projects/Adrenaline_Alley/Content/Meshes/SM_Coin.uasset" 259
"../../../../Unreal Projects/Adrenaline_Alley/Content/Blueprints/Pickups/BP_SilverCoinPickup2.uasset" 260
"../../../../Unreal Projects/Adrenaline_Alley/Content/Blueprints/Sounds/BP_MainGameMusic.uasset" 261
"../../../../Unreal Projects/Adrenaline_Alley/Content/Blueprints/Sounds/BP_MusicPlayer1.uasset" 262
"../../../../Unreal Projects/Adrenaline_Alley/Content/Blueprints/Spawners/BP_SpawnerItems.uasset" 263
"../../../../Unreal Projects/Adrenaline_Alley/Content/Blueprints/Spawners/BP_SpawnerObstacle.uasset" 264
"../../../../Unreal Projects/Adrenaline_Alley/Content/Blueprints/Spawners/BP_CoinSpawner.uasset" 265
"../../../../Unreal Projects/Adrenaline_Alley/Content/Materials/Pickups/Magnet/M_MagnetR.uasset" 266
"../../../../Unreal Projects/Adrenaline_Alley/Content/Materials/Pickups/Magnet/M_MagnetW.uasset" 267
"../../../../Unreal Projects/Adrenaline_Alley/Content/Meshes/Pickups/SM_Magnet.uasset" 268
"../../../../Unreal Projects/Adrenaline_Alley/Content/Sounds/SFX/SFX_Magnet.uasset" 269
"../../../../Unreal Projects/Adrenaline_Alley/Content/Sounds/SFX/S_Magnet_Cue.uasset" 270
"../../../../Unreal Projects/Adrenaline_Alley/Content/Blueprints/Pickups/BP_Magnet_.uasset" 271
"../../../../Unreal Projects/Adrenaline_Alley/Content/Materials/Pickups/SlowMo/M_Glass.uasset" 272
"../../../../Unreal Projects/Adrenaline_Alley/Content/Materials/Pickups/SlowMo/M_SlowMo.uasset" 273
"../../../../Unreal Projects/Adrenaline_Alley/Content/Meshes/Pickups/SM_hourglass_Cylinder.uasset" 274
"../../../../Unreal Projects/Adrenaline_Alley/Content/Meshes/Pickups/SM_hourglass_Sphere.uasset" 275
"../../../../Unreal Projects/Adrenaline_Alley/Content/Sounds/SFX/SFX_Slowmo.uasset" 276
"../../../../Unreal Projects/Adrenaline_Alley/Content/Sounds/SFX/S_Slowmo_Cue.uasset" 277
"../../../../Unreal Projects/Adrenaline_Alley/Content/Blueprints/Pickups/BP_Slowmo.uasset" 278
"../../../../Unreal Projects/Adrenaline_Alley/Content/Blueprints/Spawners/BP_ItemSpawner.uasset" 279
"../../../../Unreal Projects/Adrenaline_Alley/Content/Meshes/Obstacles/SM_Obstacle01.uasset" 280
"../../../../Unreal Projects/Adrenaline_Alley/Content/Blueprints/Obstacles/BP_Obstacle01.uasset" 281
"../../../../Unreal Projects/Adrenaline_Alley/Content/Meshes/Obstacles/SM_Obstacles02_Block01.uasset" 282
"../../../../Unreal Projects/Adrenaline_Alley/Content/Meshes/Obstacles/SM_Obstacles02_Block02.uasset" 283
"../../../../Unreal Projects/Adrenaline_Alley/Content/Meshes/Obstacles/SM_Obstacles02_Rail.uasset" 284
"../../../../Unreal Projects/Adrenaline_Alley/Content/Meshes/Obstacles/SM_Obstacles02_Ramp.uasset" 285
"../../../../Unreal Projects/Adrenaline_Alley/Content/Blueprints/Obstacles/BP_Obstacle02.uasset" 286
"../../../../Unreal Projects/Adrenaline_Alley/Content/Meshes/Walls/dark_blue.uasset" 287
"../../../../Unreal Projects/Adrenaline_Alley/Content/Meshes/Obstacles/SM_Obstacle03.uasset" 288
"../../../../Unreal Projects/Adrenaline_Alley/Content/Meshes/Obstacles/SM_Obstacle03_Rail.uasset" 289
"../../../../Unreal Projects/Adrenaline_Alley/Content/Blueprints/Obstacles/BP_Obstacle03.uasset" 290
"../../../../Unreal Projects/Adrenaline_Alley/Content/Blueprints/Obstacles/BP_Obstacle04.uasset" 291
"../../../../Unreal Projects/Adrenaline_Alley/Content/Meshes/Walls/light_blue.uasset" 292
"../../../Engine/Content/EngineMaterials/DefaultMaterial.uasset" 293
"../../../Engine/Content/BasicShapes/Sphere.uasset" 294
"../../../../Unreal Projects/Adrenaline_Alley/Content/Meshes/Obstacles/Obstacle07/SM_Obstacle07_Cube.uasset" 295
"../../../../Unreal Projects/Adrenaline_Alley/Content/Meshes/Obstacles/Obstacle07/SM_Obstacle07_Cube_007.uasset" 296
"../../../../Unreal Projects/Adrenaline_Alley/Content/Meshes/Obstacles/Obstacle07/SM_Obstacle07_Cube_008.uasset" 297
"../../../../Unreal Projects/Adrenaline_Alley/Content/Meshes/Obstacles/Obstacle07/SM_Obstacle07_Cube_009.uasset" 298
"../../../../Unreal Projects/Adrenaline_Alley/Content/Meshes/Obstacles/Obstacle07/SM_Obstacle07_Cube_448.uasset" 299
"../../../../Unreal Projects/Adrenaline_Alley/Content/Blueprints/Obstacles/BP_Obstacle07.uasset" 300
"../../../../Unreal Projects/Adrenaline_Alley/Content/Blueprints/Spawners/BP_ObstacleSpawner.uasset" 301
"../../../../Unreal Projects/Adrenaline_Alley/Content/Blueprints/Spawners/BP_SpawnerLocation.uasset" 302
"../../../../Unreal Projects/Adrenaline_Alley/Content/Blueprints/Spawners/SpawnerLocation.uasset" 303
"../../../../Unreal Projects/Adrenaline_Alley/Content/Blueprints/Spawners/TestSpawner.uasset" 304
"../../../../Unreal Projects/Adrenaline_Alley/Content/Blueprints/Spawners/BP_ObjectFirewall.uasset" 305
"../../../../Unreal Projects/Adrenaline_Alley/Content/Blueprints/Spawners/TriggerBox_Blueprint.uasset" 306
"../../../../Unreal Projects/Adrenaline_Alley/Content/UI/Menu/Highscore/HighscoreBG.uasset" 307
"../../../../Unreal Projects/Adrenaline_Alley/Content/UI/Menu/HighscoreBtn.uasset" 308
"../../../../Unreal Projects/Adrenaline_Alley/Content/UI/Menu/InstaBtn.uasset" 309
"../../../../Unreal Projects/Adrenaline_Alley/Content/UI/Menu/MainMenuBG.uasset" 310
"../../../../Unreal Projects/Adrenaline_Alley/Content/UI/Menu/MuteBtnOff.uasset" 311
"../../../../Unreal Projects/Adrenaline_Alley/Content/UI/Menu/MuteBtnOn.uasset" 312
"../../../../Unreal Projects/Adrenaline_Alley/Content/UI/Menu/PlayBtn.uasset" 313
"../../../../Unreal Projects/Adrenaline_Alley/Content/UI/Menu/Settings/SettingsBG_1.uasset" 314
"../../../../Unreal Projects/Adrenaline_Alley/Content/UI/Menu/TwitterBtn.uasset" 315
"../../../../Unreal Projects/Adrenaline_Alley/Content/UI/Menu/YoutubeBtn.uasset" 316
"../../../../Unreal Projects/Adrenaline_Alley/Content/UI/Menu/WBP_MainMenu.uasset" 317
"../../../../Unreal Projects/Adrenaline_Alley/Content/UI/WBP_MainMenu.uasset" 318
"../../../../Unreal Projects/Adrenaline_Alley/Content/UI/Widget_MainMenu.uasset" 319
"../../../../Unreal Projects/Adrenaline_Alley/Content/Levels/Widget_MainMenu.uasset" 320
"../../../../Unreal Projects/Adrenaline_Alley/Content/Materials/MI_Coin.uasset" 321
"../../../../Unreal Projects/Adrenaline_Alley/Content/Materials/MI_FloorMiddle.uasset" 322
"../../../../Unreal Projects/Adrenaline_Alley/Content/Materials/Floors/MI_Ramp01.uasset" 323
"../../../../Unreal Projects/Adrenaline_Alley/Content/Materials/Floors/MI_FloorSide.uasset" 324
"../../../../Unreal Projects/Adrenaline_Alley/Content/Materials/MI_FloorSide.uasset" 325
"../../../../Unreal Projects/Adrenaline_Alley/Content/Materials/MI_GhostPickup.uasset" 326
"../../../../Unreal Projects/Adrenaline_Alley/Content/Materials/MI_MagnetRed.uasset" 327
"../../../../Unreal Projects/Adrenaline_Alley/Content/Materials/MI_MagnetWhite.uasset" 328
"../../../../Unreal Projects/Adrenaline_Alley/Content/Materials/MI_Obstacle.uasset" 329
"../../../../Unreal Projects/Adrenaline_Alley/Content/Materials/M_DarkPlane.uasset" 330
"../../../../Unreal Projects/Adrenaline_Alley/Content/Materials/M_MagnetRed.uasset" 331
"../../../../Unreal Projects/Adrenaline_Alley/Content/Materials/M_MagnetWhite.uasset" 332
"../../../../Unreal Projects/Adrenaline_Alley/Content/Materials/M_Obstacle01.uasset" 333
"../../../../Unreal Projects/Adrenaline_Alley/Content/Materials/M_Obstacle02.uasset" 334
"../../../../Unreal Projects/Adrenaline_Alley/Content/Materials/Pickups/M_Coin.uasset" 335
"../../../../Unreal Projects/Adrenaline_Alley/Content/Materials/M_Pickup.uasset" 336
"../../../../Unreal Projects/Adrenaline_Alley/Content/Materials/M_Ramp.uasset" 337
"../../../../Unreal Projects/Adrenaline_Alley/Content/Materials/M_SkateBoard.uasset" 338
"../../../../Unreal Projects/Adrenaline_Alley/Content/Materials/PPM_CelShader.uasset" 339
"../../../../Unreal Projects/Adrenaline_Alley/Content/Materials/PPMI_CelShader.uasset" 340
"../../../../Unreal Projects/Adrenaline_Alley/Content/Materials/Coins/M_GoldCoinBase.uasset" 341
"../../../../Unreal Projects/Adrenaline_Alley/Content/Materials/Floors/M_FloorMiddle.uasset" 342
"../../../../Unreal Projects/Adrenaline_Alley/Content/Materials/Pickups/M_Ghost.uasset" 343
"../../../../Unreal Projects/Adrenaline_Alley/Content/Materials/Pickups/2xScore/M_2xScore.uasset" 344
"../../../../Unreal Projects/Adrenaline_Alley/Content/Materials/Player/M_SkateBoardGhost.uasset" 345
"../../../../Unreal Projects/Adrenaline_Alley/Content/Materials/Textures/Asset_1.uasset" 346
"../../../../Unreal Projects/Adrenaline_Alley/Content/Materials/Textures/M_AALogo.uasset" 347
"../../../../Unreal Projects/Adrenaline_Alley/Content/Materials/Textures/Walls/T_Platform01.uasset" 348
"../../../../Unreal Projects/Adrenaline_Alley/Content/Materials/Walls/M_Blank.uasset" 349
"../../../../Unreal Projects/Adrenaline_Alley/Content/Materials/Textures/Walls/T_AAWall02.uasset" 350
"../../../../Unreal Projects/Adrenaline_Alley/Content/Materials/Walls/M_Wall_01.uasset" 351
"../../../../Unreal Projects/Adrenaline_Alley/Content/Materials/Walls/M_Wall_L.uasset" 352
"../../../../Unreal Projects/Adrenaline_Alley/Content/Materials/Textures/Walls/T_AAWall01.uasset" 353
"../../../../Unreal Projects/Adrenaline_Alley/Content/Materials/Walls/M_Wall_R.uasset" 354
"../../../../Unreal Projects/Adrenaline_Alley/Content/Meshes/07_-_Default.uasset" 355
"../../../../Unreal Projects/Adrenaline_Alley/Content/Meshes/Pickups/2xScore.uasset" 356
"../../../../Unreal Projects/Adrenaline_Alley/Content/Meshes/2xScore.uasset" 357
"../../../../Unreal Projects/Adrenaline_Alley/Content/Meshes/Material.uasset" 358
"../../../../Unreal Projects/Adrenaline_Alley/Content/Materials/Chest/Material_001.uasset" 359
"../../../../Unreal Projects/Adrenaline_Alley/Content/Meshes/Material_001.uasset" 360
"../../../../Unreal Projects/Adrenaline_Alley/Content/Meshes/Material_002.uasset" 361
"../../../../Unreal Projects/Adrenaline_Alley/Content/Meshes/Material_004.uasset" 362
"../../../../Unreal Projects/Adrenaline_Alley/Content/Meshes/newcoin.uasset" 363
"../../../../Unreal Projects/Adrenaline_Alley/Content/Meshes/SM_Magnet.uasset" 364
"../../../../Unreal Projects/Adrenaline_Alley/Content/Meshes/newmagnet.uasset" 365
"../../../../Unreal Projects/Adrenaline_Alley/Content/Meshes/ramp4.uasset" 366
"../../../../Unreal Projects/Adrenaline_Alley/Content/Meshes/ramp5_Plane.uasset" 367
"../../../../Unreal Projects/Adrenaline_Alley/Content/Meshes/Pickups/SM_Ghost.uasset" 368
"../../../../Unreal Projects/Adrenaline_Alley/Content/Meshes/SM_Ghost.uasset" 369
"../../../../Unreal Projects/Adrenaline_Alley/Content/Meshes/SM_JumpBoost.uasset" 370
"../../../../Unreal Projects/Adrenaline_Alley/Content/Meshes/Roof/SM_Roof.uasset" 371
"../../../../Unreal Projects/Adrenaline_Alley/Content/Meshes/SM_Roof.uasset" 372
"../../../../Unreal Projects/Adrenaline_Alley/Content/Meshes/SM_SkateBoard.uasset" 373
"../../../../Unreal Projects/Adrenaline_Alley/Content/Meshes/Obstacles/AA_Obstacle4_Rail.uasset" 374
"../../../../Unreal Projects/Adrenaline_Alley/Content/Meshes/Obstacles/AA_Obstacle4_Ramp_Rail_Rail01.uasset" 375
"../../../../Unreal Projects/Adrenaline_Alley/Content/Meshes/Obstacles/AA_Obstacle4_Ramp_Rail_Ramp.uasset" 376
"../../../../Unreal Projects/Adrenaline_Alley/Content/Meshes/Obstacles/AA_Obstacle5_Ramp_Cube_001.uasset" 377
"../../../../Unreal Projects/Adrenaline_Alley/Content/Meshes/Obstacles/AA_Obstacle5_Ramp_Cube_002.uasset" 378
"../../../../Unreal Projects/Adrenaline_Alley/Content/Meshes/Obstacles/AA_Obstacle_Rail.uasset" 379
"../../../../Unreal Projects/Adrenaline_Alley/Content/Meshes/Obstacles/AA_Obstacle_Railing.uasset" 380
"../../../../Unreal Projects/Adrenaline_Alley/Content/Materials/Obstacles/M_Black.uasset" 381
"../../../../Unreal Projects/Adrenaline_Alley/Content/Meshes/Obstacles/Black.uasset" 382
"../../../../Unreal Projects/Adrenaline_Alley/Content/Materials/Obstacles/M_AA_Logo.uasset" 383
"../../../../Unreal Projects/Adrenaline_Alley/Content/Meshes/Obstacles/M_AA_Logo.uasset" 384
"../../../../Unreal Projects/Adrenaline_Alley/Content/Meshes/Obstacles/M_Ramp_Dark_Grey.uasset" 385
"../../../../Unreal Projects/Adrenaline_Alley/Content/Meshes/Obstacles/SM_AA_Obstacle2_Ramp.uasset" 386
"../../../../Unreal Projects/Adrenaline_Alley/Content/Meshes/Obstacles/SM_Obstacle02_Cube.uasset" 387
"../../../../Unreal Projects/Adrenaline_Alley/Content/Meshes/Obstacles/SM_Obstacle02_Cube_001.uasset" 388
"../../../../Unreal Projects/Adrenaline_Alley/Content/Meshes/Obstacles/Yellow_001.uasset" 389
"../../../../Unreal Projects/Adrenaline_Alley/Content/Meshes/Player_Character/Character01_PhysicsAsset.uasset" 390
"../../../../Unreal Projects/Adrenaline_Alley/Content/Meshes/Player_Character/Character01.uasset" 391
"../../../../Unreal Projects/Adrenaline_Alley/Content/Meshes/Player_Character/Character01_Idle01__Anim_Idle01.uasset" 392
"../../../../Unreal Projects/Adrenaline_Alley/Content/Meshes/Player_Character/Eyebrows_002.uasset" 393
"../../../../Unreal Projects/Adrenaline_Alley/Content/Meshes/Player_Character/Eye_002.uasset" 394
"../../../../Unreal Projects/Adrenaline_Alley/Content/Meshes/Player_Character/Hair_002.uasset" 395
"../../../../Unreal Projects/Adrenaline_Alley/Content/Meshes/Player_Character/Helmet_002.uasset" 396
"../../../../Unreal Projects/Adrenaline_Alley/Content/Meshes/Player_Character/Hoodie_002.uasset" 397
"../../../../Unreal Projects/Adrenaline_Alley/Content/Meshes/Player_Character/Iris02_002.uasset" 398
"../../../../Unreal Projects/Adrenaline_Alley/Content/Meshes/Player_Character/Iris_002.uasset" 399
"../../../../Unreal Projects/Adrenaline_Alley/Content/Meshes/Player_Character/Mouth_002.uasset" 400
"../../../../Unreal Projects/Adrenaline_Alley/Content/Meshes/Player_Character/Pants_002.uasset" 401
"../../../../Unreal Projects/Adrenaline_Alley/Content/Meshes/Player_Character/Pupil_002.uasset" 402
"../../../../Unreal Projects/Adrenaline_Alley/Content/Meshes/Player_Character/Shoes_002.uasset" 403
"../../../../Unreal Projects/Adrenaline_Alley/Content/Meshes/Player_Character/Shoe__Soles__002.uasset" 404
"../../../../Unreal Projects/Adrenaline_Alley/Content/Meshes/Player_Character/Skin_002.uasset" 405
"../../../../Unreal Projects/Adrenaline_Alley/Content/Meshes/Walls/bg_new_AA_logo.uasset" 406
"../../../../Unreal Projects/Adrenaline_Alley/Content/Meshes/Walls/AA.uasset" 407
"../../../../Unreal Projects/Adrenaline_Alley/Content/Meshes/Walls/dark_grey.uasset" 408
"../../../../Unreal Projects/Adrenaline_Alley/Content/Sounds/SFX/SFX_Beep.uasset" 409
"../../../../Unreal Projects/Adrenaline_Alley/Content/Sounds/SFX/drop_003.uasset" 410
"../../../../Unreal Projects/Adrenaline_Alley/Content/Sounds/drop_003.uasset" 411
"../../../../Unreal Projects/Adrenaline_Alley/Content/Sounds/MasterMuteMix.uasset" 412
"../../../../Unreal Projects/Adrenaline_Alley/Content/Sounds/MasterUnmuteMix.uasset" 413
"../../../../Unreal Projects/Adrenaline_Alley/Content/Sounds/select_006.uasset" 414
"../../../../Unreal Projects/Adrenaline_Alley/Content/Sounds/SFX_CoinPickup.uasset" 415
"../../../../Unreal Projects/Adrenaline_Alley/Content/Sounds/SFX_Countdown.uasset" 416
"../../../../Unreal Projects/Adrenaline_Alley/Content/Sounds/SFX/SFX_Impact.uasset" 417
"../../../../Unreal Projects/Adrenaline_Alley/Content/Sounds/SFX_Impact.uasset" 418
"../../../../Unreal Projects/Adrenaline_Alley/Content/Sounds/SFX/SFX_Jump.uasset" 419
"../../../../Unreal Projects/Adrenaline_Alley/Content/Sounds/SFX_Jump.uasset" 420
"../../../../Unreal Projects/Adrenaline_Alley/Content/Sounds/SFX_Magnet.uasset" 421
"../../../../Unreal Projects/Adrenaline_Alley/Content/Sounds/SFX/SFX_MainGame.uasset" 422
"../../../../Unreal Projects/Adrenaline_Alley/Content/Sounds/SFX_MainGame.uasset" 423
"../../../../Unreal Projects/Adrenaline_Alley/Content/Sounds/SFX/SFX_MainMenu.uasset" 424
"../../../../Unreal Projects/Adrenaline_Alley/Content/Sounds/SFX_MainMenu.uasset" 425
"../../../../Unreal Projects/Adrenaline_Alley/Content/Sounds/SFX/toggle_002.uasset" 426
"../../../../Unreal Projects/Adrenaline_Alley/Content/Sounds/toggle_002.uasset" 427
"../../../../Unreal Projects/Adrenaline_Alley/Content/Sounds/Music/S_SlowMo_Cue.uasset" 428
"../../../../Unreal Projects/Adrenaline_Alley/Content/Sounds/Music/SFX_SlowMO_Cue.uasset" 429
"../../../../Unreal Projects/Adrenaline_Alley/Content/Sounds/SFX/SFX_Railgrind.uasset" 430
"../../../../Unreal Projects/Adrenaline_Alley/Content/UI/AA_LoadingScreen.uasset" 431
"../../../../Unreal Projects/Adrenaline_Alley/Content/UI/WBP_Paused.uasset" 432
"../../../../Unreal Projects/Adrenaline_Alley/Content/UI/WPB_GameOver.uasset" 433
"../../../../Unreal Projects/Adrenaline_Alley/Content/UI/WPB_GameStart.uasset" 434
"../../../../Unreal Projects/Adrenaline_Alley/Content/UI/GameOver/UnderTitle.uasset" 435
"../../../../Unreal Projects/Adrenaline_Alley/Content/UI/Highscore/WBP_Credits.uasset" 436
"../../../../Unreal Projects/Adrenaline_Alley/Content/UI/Highscore/WBP_Credits_C.uasset" 437
"../../../../Unreal Projects/Adrenaline_Alley/Content/UI/HUD/MagnetUI_1.uasset" 438
"../../../../Unreal Projects/Adrenaline_Alley/Content/UI/HUD/MagnetUI_2.uasset" 439
"../../../../Unreal Projects/Adrenaline_Alley/Content/UI/HUD/PauseBtn_2.uasset" 440
"../../../../Unreal Projects/Adrenaline_Alley/Content/UI/HUD/PauseBtn_3.uasset" 441
"../../../../Unreal Projects/Adrenaline_Alley/Content/UI/HUD/PauseBtn_4.uasset" 442
"../../../../Unreal Projects/Adrenaline_Alley/Content/UI/Menu/WBP_Settings.uasset" 443
"../../../../Unreal Projects/Adrenaline_Alley/Content/UI/Menu/Settings/Asset_63.uasset" 444
"../../../../Unreal Projects/Adrenaline_Alley/Content/UI/Menu/Settings/SettingsBG.uasset" 445
"../../../Engine/Content/Animation/DefaultAnimCurveCompressionSettings.uasset" 446
"../../../Engine/Content/ArtTools/RenderToTexture/Meshes/S_1_Unit_Plane.uasset" 447
"../../../Engine/Content/BasicShapes/Cone.uasset" 448
"../../../Engine/Content/BasicShapes/Cylinder.uasset" 449
"../../../Engine/Content/EditorLandscapeResources/DataLayer.uasset" 450
"../../../Engine/Content/EditorMaterials/MAT_Groups_Toggle.uasset" 451
"../../../Engine/Content/EditorMaterials/MAT_Groups_Visibility.uasset" 452
"../../../Engine/Content/EditorMaterials/PreviewShadowIndicator.uasset" 453
"../../../Engine/Content/EditorMaterials/PreviewShadowIndicatorMaterial.uasset" 454
"../../../Engine/Content/EditorMaterials/MatineeGroups/MAT_ColorTrack.uasset" 455
"../../../Engine/Content/EditorMaterials/MatineeGroups/MAT_Groups_Anim.uasset" 456
"../../../Engine/Content/EditorMaterials/MatineeGroups/MAT_Groups_AudioMaster.uasset" 457
"../../../Engine/Content/EditorMaterials/MatineeGroups/MAT_Groups_Director.uasset" 458
"../../../Engine/Content/EditorMaterials/MatineeGroups/MAT_Groups_Event.uasset" 459
"../../../Engine/Content/EditorMaterials/MatineeGroups/MAT_Groups_Fade.uasset" 460
"../../../Engine/Content/EditorMaterials/MatineeGroups/MAT_Groups_Float.uasset" 461
"../../../Engine/Content/EditorMaterials/MatineeGroups/MAT_Groups_Move.uasset" 462
"../../../Engine/Content/EditorMaterials/MatineeGroups/MAT_Groups_Slomo.uasset" 463
"../../../Engine/Content/EditorMaterials/MatineeGroups/MAT_Groups_Sound.uasset" 464
"../../../Engine/Content/EditorMaterials/MatineeGroups/MAT_Groups_Vector.uasset" 465
"../../../Engine/Content/EditorMaterials/ParticleSystems/PSysThumbnail_NoImage.uasset" 466
"../../../Engine/Content/EditorMaterials/ParticleSystems/PSysThumbnail_OOD.uasset" 467
"../../../Engine/Content/EditorMaterials/Camera/CineMat.uasset" 468
"../../../Engine/Content/EditorMaterials/Camera/MI_CineMat_Rig.uasset" 469
"../../../Engine/Content/EditorMeshes/Camera/SM_CraneRig_Arm.uasset" 470
"../../../Engine/Content/EditorMeshes/Camera/SM_CraneRig_Base.uasset" 471
"../../../Engine/Content/EditorMeshes/Camera/SM_CraneRig_Body.uasset" 472
"../../../Engine/Content/EditorMeshes/Camera/SM_CraneRig_Mount.uasset" 473
"../../../Engine/Content/EditorMeshes/Camera/SM_RailRig_Mount.uasset" 474
"../../../Engine/Content/EditorMeshes/Camera/SM_RailRig_Track.uasset" 475
"../../../Engine/Content/EditorResources/BSPVertex.uasset" 476
"../../../Engine/Content/EditorResources/EmptyActor.uasset" 477
"../../../Engine/Content/EditorResources/S_Actor.uasset" 478
"../../../Engine/Content/EditorResources/S_Note.uasset" 479
"../../../Engine/Content/EditorResources/S_Solver.uasset" 480
"../../../Engine/Content/EditorResources/S_Trigger.uasset" 481
"../../../Engine/Content/EditorResources/AudioIcons/S_AudioComponent_AutoActivate.uasset" 482
"../../../Engine/Content/EditorResources/LightIcons/S_LightError.uasset" 483
"../../../Engine/Content/EditorResources/SequenceRecorder/Countdown.uasset" 484
"../../../Engine/Content/EditorResources/SequenceRecorder/RecordingIndicator.uasset" 485
"../../../Engine/Content/EditorSounds/Notifications/CompileFailed.uasset" 486
"../../../Engine/Content/EditorSounds/Notifications/CompileFailed_Cue.uasset" 487
"../../../Engine/Content/EditorSounds/Notifications/CompileSuccess.uasset" 488
"../../../Engine/Content/EditorSounds/Notifications/CompileStart_Cue.uasset" 489
"../../../Engine/Content/EditorSounds/Notifications/CompileSuccess_Cue.uasset" 490
"../../../Engine/Content/EngineDamageTypes/DmgTypeBP_Environmental.uasset" 491
"../../../Engine/Content/EngineDebugMaterials/DebugEditorMaterial.uasset" 492
"../../../Engine/Content/EngineDebugMaterials/DebugMeshMaterial.uasset" 493
"../../../Engine/Content/EngineDebugMaterials/M_SimpleUnlitTranslucent.uasset" 494
"../../../Engine/Content/Functions/Engine_MaterialFunctions02/Utility/CameraDirectionVector.uasset" 495
"../../../Engine/Content/EngineDebugMaterials/VolumeToRender.uasset" 496
"../../../Engine/Content/EngineDebugMaterials/M_VolumeRenderSphereTracePP.uasset" 497
"../../../Engine/Content/EngineDebugMaterials/WireframeMaterial.uasset" 498
"../../../Engine/Content/EngineFonts/Faces/DroidSansFallback.uasset" 499
"../../../Engine/Content/EngineFonts/Faces/RobotoBold.uasset" 500
"../../../Engine/Content/EngineFonts/Faces/RobotoBoldItalic.uasset" 501
"../../../Engine/Content/EngineFonts/Faces/RobotoItalic.uasset" 502
"../../../Engine/Content/EngineFonts/Faces/RobotoLight.uasset" 503
"../../../Engine/Content/EngineFonts/Faces/RobotoRegular.uasset" 504
"../../../Engine/Content/EngineFonts/Roboto.uasset" 505
"../../../Engine/Content/EngineMaterials/BaseFlattenDiffuseMap.uasset" 506
"../../../Engine/Content/EngineMaterials/BaseFlattenEmissiveMap.uasset" 507
"../../../Engine/Content/EngineMaterials/BaseFlattenGrayscaleMap.uasset" 508
"../../../Engine/Content/EngineMaterials/BaseFlattenNormalMap.uasset" 509
"../../../Engine/Content/EngineMaterials/BaseFlattenMaterial.uasset" 510
"../../../Engine/Content/EngineMaterials/BlueNoise.uasset" 511
"../../../Engine/Content/EngineMaterials/DefaultBloomKernel.uasset" 512
"../../../Engine/Content/EngineMaterials/DefaultBokeh.uasset" 513
"../../../Engine/Content/EngineMaterials/DefaultDiffuse.uasset" 514
"../../../Engine/Content/EngineMaterials/DefaultDeferredDecalMaterial.uasset" 515
"../../../Engine/Content/EngineMaterials/DefaultLightFunctionMaterial.uasset" 516
"../../../Engine/Content/EngineMaterials/DefaultPhysicalMaterial.uasset" 517
"../../../Engine/Content/Functions/Engine_MaterialFunctions02/Utility/BreakOutFloat2Components.uasset" 518
"../../../Engine/Content/EngineMaterials/DefaultPostProcessMaterial.uasset" 519
"../../../Engine/Content/EngineFonts/RobotoDistanceField.uasset" 520
"../../../Engine/Content/EngineMaterials/DefaultTextMaterialOpaque.uasset" 521
"../../../Engine/Content/EngineMaterials/DefaultWhiteGrid.uasset" 522
"../../../Engine/Content/EngineMaterials/DefaultWhiteGrid_Low.uasset" 523
"../../../Engine/Content/EngineMaterials/EmissiveMeshMaterial.uasset" 524
"../../../Engine/Content/EngineMaterials/GizmoMaterial.uasset" 525
"../../../Engine/Content/EngineMaterials/Good64x64TilingNoiseHighFreq.uasset" 526
"../../../Engine/Content/EngineMaterials/MiniFont.uasset" 527
"../../../Engine/Content/EngineMaterials/InvalidLightmapSettings.uasset" 528
"../../../Engine/Content/EngineMaterials/M_InvalidLightmapSettings.uasset" 529
"../../../Engine/Content/Functions/Engine_MaterialFunctions02/WorldPositionOffset/CameraOffset.uasset" 530
"../../../Engine/Content/EngineMaterials/PhAT_JointLimitMaterial.uasset" 531
"../../../Engine/Content/EngineMaterials/PreintegratedSkinBRDF.uasset" 532
"../../../Engine/Content/EngineMaterials/RemoveSurfaceMaterial.uasset" 533
"../../../Engine/Content/EngineMaterials/WeightMapPlaceholderTexture.uasset" 534
"../../../Engine/Content/EngineResources/WhiteSquareTexture.uasset" 535
"../../../Engine/Content/EngineMaterials/Widget3DPassThrough.uasset" 536
"../../../Engine/Content/EngineMaterials/Widget3DPassThrough_Masked.uasset" 537
"../../../Engine/Content/EngineMaterials/Widget3DPassThrough_Opaque.uasset" 538
"../../../Engine/Content/EngineMaterials/Widget3DPassThrough_Masked_OneSided.uasset" 539
"../../../Engine/Content/EngineMaterials/Widget3DPassThrough_Opaque_OneSided.uasset" 540
"../../../Engine/Content/EngineMaterials/Widget3DPassThrough_Translucent.uasset" 541
"../../../Engine/Content/EngineMaterials/Widget3DPassThrough_Translucent_OneSided.uasset" 542
"../../../Engine/Content/EngineMeshes/Cylinder.uasset" 543
"../../../Engine/Content/EngineMeshes/Sphere.uasset" 544
"../../../Engine/Content/EngineResources/Black.uasset" 545
"../../../Engine/Content/EngineResources/DefaultTexture.uasset" 546
"../../../Engine/Content/EngineResources/DefaultTextureCube.uasset" 547
"../../../Engine/Content/EngineResources/DefaultVolumeTexture2D.uasset" 548
"../../../Engine/Content/EngineResources/DefaultVolumeTexture.uasset" 549
"../../../Engine/Content/EngineResources/GradientTexture0.uasset" 550
"../../../Engine/Content/EngineSounds/Master.uasset" 551
"../../../Engine/Content/Functions/Engine_MaterialFunctions01/Shading/ConvertFromDiffSpec.uasset" 552
"../../../Engine/Content/Functions/Engine_MaterialFunctions01/Shading/PowerToRoughness.uasset" 553
"../../../Engine/Content/Maps/Templates/Thumbnails/Default.uasset" 554
"../../../Engine/Content/Maps/Templates/Thumbnails/TimeOfDay.uasset" 555
"../../../Engine/Content/Maps/Templates/Thumbnails/VR-Basic.uasset" 556
"../../../Engine/Content/MobileResources/T_MobileControls_texture.uasset" 557
"../../../Engine/Content/MobileResources/T_MobileMenu2.uasset" 558
"../../../Engine/Content/MobileResources/HUD/AnalogHat.uasset" 559
"../../../Engine/Content/MobileResources/HUD/VirtualJoystick_Background.uasset" 560
"../../../Engine/Content/MobileResources/HUD/VirtualJoystick_Thumb.uasset" 561
"../../../Engine/Content/MobileResources/HUD/DefaultVirtualJoysticks.uasset" 562
"../../../Engine/Content/MobileResources/HUD/LeftVirtualJoystickOnly.uasset" 563
"../../../Engine/Content/MobileResources/HUD/MobileHUDButton1_off.uasset" 564
"../../../Engine/Content/MobileResources/HUD/MobileHUDButton1_on.uasset" 565
"../../../Engine/Content/MobileResources/HUD/MobileHUDButton2_off.uasset" 566
"../../../Engine/Content/MobileResources/HUD/MobileHUDButton2_on.uasset" 567
"../../../Engine/Content/MobileResources/HUD/MobileHUDButton3.uasset" 568
"../../../Engine/Content/MobileResources/HUD/MobileHUDButtonFire.uasset" 569
"../../../Engine/Content/MobileResources/HUD/MobileHUDDirectionPad.uasset" 570
"../../../Engine/Content/MobileResources/HUD/MobileHUDDirectionPad2.uasset" 571
"../../../Engine/Content/MobileResources/HUD/MobileHUDDirectionPad3.uasset" 572
"../../../Engine/Content/MobileResources/HUD/MobileHUDDirectionStick.uasset" 573
"../../../Engine/Content/MobileResources/HUD/T_Castle_ThumbstickInner.uasset" 574
"../../../Engine/Content/MobileResources/HUD/T_Castle_ThumbstickOutter.uasset" 575
"../../../Engine/Content/Tutorial/ContentIntroCurve.uasset" 576
"../../../Engine/Content/Tutorial/Basics/LevelEditorAttract.uasset" 577
"../../../Engine/Content/Tutorial/Basics/TutorialAssets/icon_tab_Levels_40x.uasset" 578
"../../../Engine/Content/Tutorial/Basics/LevelEditorOverview.uasset" 579
"../../../Engine/Content/Tutorial/Landscape/TutorialAssets/Landscape.uasset" 580
"../../../Engine/Content/Tutorial/Landscape/LandscapeWalkThrough.uasset" 581
"../../../Engine/Content/Tutorial/Landscape/Landscape_Manage_Mode.uasset" 582
"../../../Engine/Content/Tutorial/Landscape/Landscape_Painting_Mode.uasset" 583
"../../../Engine/Content/Tutorial/Landscape/Landscape_Sculpt_Mode.uasset" 584
"../../../Engine/Content/VREditor/LaserPointer/VR_LaserPower_01.uasset" 585
"../../../Engine/Content/VREditor/TransformGizmo/TransformGizmoMaterial.uasset" 586
"../../../Engine/Content/VREditor/TransformGizmo/TranslucentTransformGizmoMaterial.uasset" 587
"../../../Engine/Content/VREditor/TransformGizmo/BoundingBoxCorner.uasset" 588
"../../../Engine/Content/VREditor/TransformGizmo/BoundingBoxEdge.uasset" 589
"../../../Engine/Content/VREditor/TransformGizmo/PlaneTranslationHandle.uasset" 590
"../../../Engine/Content/VREditor/TransformGizmo/Main.uasset" 591
"../../../Engine/Content/VREditor/TransformGizmo/Xray.uasset" 592
"../../../Engine/Content/VREditor/TransformGizmo/SM_Sequencer_Key.uasset" 593
"../../../Engine/Content/VREditor/TransformGizmo/SM_Sequencer_Node.uasset" 594
"../../Plugins/2D/Paper2D/Content/PlaceholderTextures/DummySpriteTexture.uasset" 595
"../../Plugins/2D/Paper2D/Content/DummySprite.uasset" 596
"../../Plugins/2D/Paper2D/Content/DefaultPaperTerrainMaterial.uasset" 597
"../../Plugins/2D/Paper2D/Content/DefaultSpriteMaterial.uasset" 598
"../../Plugins/2D/Paper2D/Content/MaskedUnlitSpriteMaterial.uasset" 599
"../../Plugins/2D/Paper2D/Content/OpaqueUnlitSpriteMaterial.uasset" 600
"../../Plugins/FX/Niagara/Content/Enums/ENiagaraBooleanLogicOps.uasset" 601
"../../Plugins/FX/Niagara/Content/Enums/ENiagaraExpansionMode.uasset" 602
"../../Plugins/FX/Niagara/Content/Enums/ENiagaraOrientationAxis.uasset" 603
"../../../Engine/Content/Functions/Engine_MaterialFunctions02/Utility/BreakOutFloat4Components.uasset" 604
"../../../Engine/Content/Functions/Engine_MaterialFunctions02/Utility/MakeFloat2.uasset" 605
"../../../Engine/Content/Functions/Engine_MaterialFunctions02/Utility/MakeFloat3.uasset" 606
"../../Plugins/Runtime/Oculus/OculusVR/Content/Materials/OculusMR_ChromaKey.uasset" 607
"../../Plugins/Runtime/Oculus/OculusVR/Content/Materials/OculusMR_ChromaKey_Lit.uasset" 608
"../../Plugins/Runtime/Oculus/OculusVR/Content/Materials/OculusMR_OpaqueColoredMaterial.uasset" 609
"../../Plugins/Runtime/Oculus/OculusVR/Content/Materials/OculusMR_WhiteMaterial.uasset" 610
"../../../../Unreal Projects/Adrenaline_Alley/Content/Materials/Floors/MI_FloorLeft.uasset" 611
"../../../../Unreal Projects/Adrenaline_Alley/Content/Blueprints/Floors/BP_FloorSideLeft.uasset" 612
"../../../../Unreal Projects/Adrenaline_Alley/Content/Blueprints/Spawners/BP_SpawnerFloor.uasset" 613
"../../../../Unreal Projects/Adrenaline_Alley/Content/Levels/Level01_BuiltData.uasset" 614
"../../../../Unreal Projects/Adrenaline_Alley/Content/Materials/M_PostProcessFog.uasset" 615
"../../../../Unreal Projects/Adrenaline_Alley/Content/Levels/Level01.umap" 616
"../../../../Unreal Projects/Adrenaline_Alley/Content/Levels/MainMenu_BuiltData.uasset" 617
"../../../../Unreal Projects/Adrenaline_Alley/Content/UI/Intro/IntroUI.uasset" 618
"../../../../Unreal Projects/Adrenaline_Alley/Content/UI/Intro/StartBtn.uasset" 619
"../../../../Unreal Projects/Adrenaline_Alley/Content/UI/Intro/WBP_Intro.uasset" 620
"../../../../Unreal Projects/Adrenaline_Alley/Content/Levels/MainMenu.umap" 621
"../../../Engine/Content/Maps/Entry_BuiltData.uasset" 622
"../../../Engine/Content/Maps/Entry.umap" 623
